SF:/modernize-data/studio-data/TNT1001/APP2895/transformed-code/980/studio-workspace/Ecommerce-Informatica/src/EcommerceInformatica.Domain/Entities/Brand.cs
FN:7,System.Int32 EcommerceInformatica.Domain.Entities.Brand::get_Id()
FNDA:14,System.Int32 EcommerceInformatica.Domain.Entities.Brand::get_Id()
DA:8,14
FN:8,System.String EcommerceInformatica.Domain.Entities.Brand::get_Name()
FNDA:32,System.String EcommerceInformatica.Domain.Entities.Brand::get_Name()
DA:9,32
FN:9,System.String EcommerceInformatica.Domain.Entities.Brand::get_Description()
FNDA:4,System.String EcommerceInformatica.Domain.Entities.Brand::get_Description()
DA:10,4
FN:10,System.Boolean EcommerceInformatica.Domain.Entities.Brand::get_IsActive()
FNDA:6,System.Boolean EcommerceInformatica.Domain.Entities.Brand::get_IsActive()
DA:11,6
FN:11,System.DateTime EcommerceInformatica.Domain.Entities.Brand::get_CreatedDate()
FNDA:3,System.DateTime EcommerceInformatica.Domain.Entities.Brand::get_CreatedDate()
DA:12,3
FN:12,System.Nullable`1<System.DateTime> EcommerceInformatica.Domain.Entities.Brand::get_ModifiedDate()
FNDA:5,System.Nullable`1<System.DateTime> EcommerceInformatica.Domain.Entities.Brand::get_ModifiedDate()
DA:13,5
FN:13,System.String EcommerceInformatica.Domain.Entities.Brand::get_CreatedBy()
FNDA:21,System.String EcommerceInformatica.Domain.Entities.Brand::get_CreatedBy()
DA:14,21
FN:14,System.String EcommerceInformatica.Domain.Entities.Brand::get_ModifiedBy()
FNDA:5,System.String EcommerceInformatica.Domain.Entities.Brand::get_ModifiedBy()
DA:15,5
FN:17,System.Collections.Generic.ICollection`1<EcommerceInformatica.Domain.Entities.Product> EcommerceInformatica.Domain.Entities.Brand::get_Products()
FNDA:20,System.Collections.Generic.ICollection`1<EcommerceInformatica.Domain.Entities.Product> EcommerceInformatica.Domain.Entities.Brand::get_Products()
DA:18,20
LF:9
LH:9
BRF:0
BRH:0
FNF:9
FNH:9
end_of_record
SF:/modernize-data/studio-data/TNT1001/APP2895/transformed-code/980/studio-workspace/Ecommerce-Informatica/src/EcommerceInformatica.Domain/Entities/Category.cs
FN:7,System.Int32 EcommerceInformatica.Domain.Entities.Category::get_Id()
FNDA:14,System.Int32 EcommerceInformatica.Domain.Entities.Category::get_Id()
DA:8,14
FN:8,System.String EcommerceInformatica.Domain.Entities.Category::get_Name()
FNDA:32,System.String EcommerceInformatica.Domain.Entities.Category::get_Name()
DA:9,32
FN:9,System.String EcommerceInformatica.Domain.Entities.Category::get_Description()
FNDA:4,System.String EcommerceInformatica.Domain.Entities.Category::get_Description()
DA:10,4
FN:10,System.Boolean EcommerceInformatica.Domain.Entities.Category::get_IsActive()
FNDA:6,System.Boolean EcommerceInformatica.Domain.Entities.Category::get_IsActive()
DA:11,6
FN:11,System.DateTime EcommerceInformatica.Domain.Entities.Category::get_CreatedDate()
FNDA:3,System.DateTime EcommerceInformatica.Domain.Entities.Category::get_CreatedDate()
DA:12,3
FN:12,System.Nullable`1<System.DateTime> EcommerceInformatica.Domain.Entities.Category::get_ModifiedDate()
FNDA:5,System.Nullable`1<System.DateTime> EcommerceInformatica.Domain.Entities.Category::get_ModifiedDate()
DA:13,5
FN:13,System.String EcommerceInformatica.Domain.Entities.Category::get_CreatedBy()
FNDA:21,System.String EcommerceInformatica.Domain.Entities.Category::get_CreatedBy()
DA:14,21
FN:14,System.String EcommerceInformatica.Domain.Entities.Category::get_ModifiedBy()
FNDA:5,System.String EcommerceInformatica.Domain.Entities.Category::get_ModifiedBy()
DA:15,5
FN:17,System.Collections.Generic.ICollection`1<EcommerceInformatica.Domain.Entities.Product> EcommerceInformatica.Domain.Entities.Category::get_Products()
FNDA:20,System.Collections.Generic.ICollection`1<EcommerceInformatica.Domain.Entities.Product> EcommerceInformatica.Domain.Entities.Category::get_Products()
DA:18,20
LF:9
LH:9
BRF:0
BRH:0
FNF:9
FNH:9
end_of_record
SF:/modernize-data/studio-data/TNT1001/APP2895/transformed-code/980/studio-workspace/Ecommerce-Informatica/src/EcommerceInformatica.Domain/Entities/City.cs
FN:7,System.Int32 EcommerceInformatica.Domain.Entities.City::get_Id()
FNDA:5,System.Int32 EcommerceInformatica.Domain.Entities.City::get_Id()
DA:8,5
FN:8,System.String EcommerceInformatica.Domain.Entities.City::get_Name()
FNDA:13,System.String EcommerceInformatica.Domain.Entities.City::get_Name()
DA:9,13
FN:9,System.Int32 EcommerceInformatica.Domain.Entities.City::get_ProvinceId()
FNDA:3,System.Int32 EcommerceInformatica.Domain.Entities.City::get_ProvinceId()
DA:10,3
FN:10,System.Boolean EcommerceInformatica.Domain.Entities.City::get_IsActive()
FNDA:4,System.Boolean EcommerceInformatica.Domain.Entities.City::get_IsActive()
DA:11,4
FN:11,System.DateTime EcommerceInformatica.Domain.Entities.City::get_CreatedDate()
FNDA:2,System.DateTime EcommerceInformatica.Domain.Entities.City::get_CreatedDate()
DA:12,2
FN:12,System.Nullable`1<System.DateTime> EcommerceInformatica.Domain.Entities.City::get_ModifiedDate()
FNDA:4,System.Nullable`1<System.DateTime> EcommerceInformatica.Domain.Entities.City::get_ModifiedDate()
DA:13,4
FN:13,System.String EcommerceInformatica.Domain.Entities.City::get_CreatedBy()
FNDA:11,System.String EcommerceInformatica.Domain.Entities.City::get_CreatedBy()
DA:14,11
FN:14,System.String EcommerceInformatica.Domain.Entities.City::get_ModifiedBy()
FNDA:4,System.String EcommerceInformatica.Domain.Entities.City::get_ModifiedBy()
DA:15,4
FN:17,EcommerceInformatica.Domain.Entities.Province EcommerceInformatica.Domain.Entities.City::get_Province()
FNDA:4,EcommerceInformatica.Domain.Entities.Province EcommerceInformatica.Domain.Entities.City::get_Province()
DA:18,4
FN:18,System.Collections.Generic.ICollection`1<EcommerceInformatica.Domain.Entities.Person> EcommerceInformatica.Domain.Entities.City::get_People()
FNDA:11,System.Collections.Generic.ICollection`1<EcommerceInformatica.Domain.Entities.Person> EcommerceInformatica.Domain.Entities.City::get_People()
DA:19,11
LF:10
LH:10
BRF:0
BRH:0
FNF:10
FNH:10
end_of_record
SF:/modernize-data/studio-data/TNT1001/APP2895/transformed-code/980/studio-workspace/Ecommerce-Informatica/src/EcommerceInformatica.Domain/Entities/Invoice.cs
FN:7,System.Int32 EcommerceInformatica.Domain.Entities.Invoice::get_Id()
FNDA:5,System.Int32 EcommerceInformatica.Domain.Entities.Invoice::get_Id()
DA:8,5
FN:8,System.String EcommerceInformatica.Domain.Entities.Invoice::get_InvoiceNumber()
FNDA:12,System.String EcommerceInformatica.Domain.Entities.Invoice::get_InvoiceNumber()
DA:9,12
FN:9,System.Int32 EcommerceInformatica.Domain.Entities.Invoice::get_PersonId()
FNDA:3,System.Int32 EcommerceInformatica.Domain.Entities.Invoice::get_PersonId()
DA:10,3
FN:10,System.Int32 EcommerceInformatica.Domain.Entities.Invoice::get_PaymentMethodId()
FNDA:3,System.Int32 EcommerceInformatica.Domain.Entities.Invoice::get_PaymentMethodId()
DA:11,3
FN:11,System.DateTime EcommerceInformatica.Domain.Entities.Invoice::get_InvoiceDate()
FNDA:2,System.DateTime EcommerceInformatica.Domain.Entities.Invoice::get_InvoiceDate()
DA:12,2
FN:12,System.Decimal EcommerceInformatica.Domain.Entities.Invoice::get_TotalAmount()
FNDA:5,System.Decimal EcommerceInformatica.Domain.Entities.Invoice::get_TotalAmount()
DA:13,5
FN:13,System.Boolean EcommerceInformatica.Domain.Entities.Invoice::get_IsActive()
FNDA:3,System.Boolean EcommerceInformatica.Domain.Entities.Invoice::get_IsActive()
DA:14,3
FN:14,System.DateTime EcommerceInformatica.Domain.Entities.Invoice::get_CreatedDate()
FNDA:2,System.DateTime EcommerceInformatica.Domain.Entities.Invoice::get_CreatedDate()
DA:15,2
FN:15,System.Nullable`1<System.DateTime> EcommerceInformatica.Domain.Entities.Invoice::get_ModifiedDate()
FNDA:4,System.Nullable`1<System.DateTime> EcommerceInformatica.Domain.Entities.Invoice::get_ModifiedDate()
DA:16,4
FN:16,System.String EcommerceInformatica.Domain.Entities.Invoice::get_CreatedBy()
FNDA:11,System.String EcommerceInformatica.Domain.Entities.Invoice::get_CreatedBy()
DA:17,11
FN:17,System.String EcommerceInformatica.Domain.Entities.Invoice::get_ModifiedBy()
FNDA:4,System.String EcommerceInformatica.Domain.Entities.Invoice::get_ModifiedBy()
DA:18,4
FN:20,EcommerceInformatica.Domain.Entities.Person EcommerceInformatica.Domain.Entities.Invoice::get_Person()
FNDA:3,EcommerceInformatica.Domain.Entities.Person EcommerceInformatica.Domain.Entities.Invoice::get_Person()
DA:21,3
FN:21,EcommerceInformatica.Domain.Entities.PaymentMethod EcommerceInformatica.Domain.Entities.Invoice::get_PaymentMethod()
FNDA:3,EcommerceInformatica.Domain.Entities.PaymentMethod EcommerceInformatica.Domain.Entities.Invoice::get_PaymentMethod()
DA:22,3
FN:22,System.Collections.Generic.ICollection`1<EcommerceInformatica.Domain.Entities.InvoiceDetail> EcommerceInformatica.Domain.Entities.Invoice::get_InvoiceDetails()
FNDA:11,System.Collections.Generic.ICollection`1<EcommerceInformatica.Domain.Entities.InvoiceDetail> EcommerceInformatica.Domain.Entities.Invoice::get_InvoiceDetails()
DA:23,11
LF:14
LH:14
BRF:0
BRH:0
FNF:14
FNH:14
end_of_record
SF:/modernize-data/studio-data/TNT1001/APP2895/transformed-code/980/studio-workspace/Ecommerce-Informatica/src/EcommerceInformatica.Domain/Entities/InvoiceDetail.cs
FN:7,System.Int32 EcommerceInformatica.Domain.Entities.InvoiceDetail::get_Id()
FNDA:3,System.Int32 EcommerceInformatica.Domain.Entities.InvoiceDetail::get_Id()
DA:8,3
FN:8,System.Int32 EcommerceInformatica.Domain.Entities.InvoiceDetail::get_InvoiceId()
FNDA:3,System.Int32 EcommerceInformatica.Domain.Entities.InvoiceDetail::get_InvoiceId()
DA:9,3
FN:9,System.Int32 EcommerceInformatica.Domain.Entities.InvoiceDetail::get_ProductId()
FNDA:3,System.Int32 EcommerceInformatica.Domain.Entities.InvoiceDetail::get_ProductId()
DA:10,3
FN:10,System.Int32 EcommerceInformatica.Domain.Entities.InvoiceDetail::get_Quantity()
FNDA:5,System.Int32 EcommerceInformatica.Domain.Entities.InvoiceDetail::get_Quantity()
DA:11,5
FN:11,System.Decimal EcommerceInformatica.Domain.Entities.InvoiceDetail::get_UnitPrice()
FNDA:5,System.Decimal EcommerceInformatica.Domain.Entities.InvoiceDetail::get_UnitPrice()
DA:12,5
FN:12,System.Decimal EcommerceInformatica.Domain.Entities.InvoiceDetail::get_Subtotal()
FNDA:5,System.Decimal EcommerceInformatica.Domain.Entities.InvoiceDetail::get_Subtotal()
DA:13,5
FN:13,System.Boolean EcommerceInformatica.Domain.Entities.InvoiceDetail::get_IsActive()
FNDA:3,System.Boolean EcommerceInformatica.Domain.Entities.InvoiceDetail::get_IsActive()
DA:14,3
FN:14,System.DateTime EcommerceInformatica.Domain.Entities.InvoiceDetail::get_CreatedDate()
FNDA:2,System.DateTime EcommerceInformatica.Domain.Entities.InvoiceDetail::get_CreatedDate()
DA:15,2
FN:15,System.Nullable`1<System.DateTime> EcommerceInformatica.Domain.Entities.InvoiceDetail::get_ModifiedDate()
FNDA:4,System.Nullable`1<System.DateTime> EcommerceInformatica.Domain.Entities.InvoiceDetail::get_ModifiedDate()
DA:16,4
FN:16,System.String EcommerceInformatica.Domain.Entities.InvoiceDetail::get_CreatedBy()
FNDA:11,System.String EcommerceInformatica.Domain.Entities.InvoiceDetail::get_CreatedBy()
DA:17,11
FN:17,System.String EcommerceInformatica.Domain.Entities.InvoiceDetail::get_ModifiedBy()
FNDA:4,System.String EcommerceInformatica.Domain.Entities.InvoiceDetail::get_ModifiedBy()
DA:18,4
FN:20,EcommerceInformatica.Domain.Entities.Invoice EcommerceInformatica.Domain.Entities.InvoiceDetail::get_Invoice()
FNDA:3,EcommerceInformatica.Domain.Entities.Invoice EcommerceInformatica.Domain.Entities.InvoiceDetail::get_Invoice()
DA:21,3
FN:21,EcommerceInformatica.Domain.Entities.Product EcommerceInformatica.Domain.Entities.InvoiceDetail::get_Product()
FNDA:3,EcommerceInformatica.Domain.Entities.Product EcommerceInformatica.Domain.Entities.InvoiceDetail::get_Product()
DA:22,3
LF:13
LH:13
BRF:0
BRH:0
FNF:13
FNH:13
end_of_record
SF:/modernize-data/studio-data/TNT1001/APP2895/transformed-code/980/studio-workspace/Ecommerce-Informatica/src/EcommerceInformatica.Domain/Entities/PaymentMethod.cs
FN:7,System.Int32 EcommerceInformatica.Domain.Entities.PaymentMethod::get_Id()
FNDA:5,System.Int32 EcommerceInformatica.Domain.Entities.PaymentMethod::get_Id()
DA:8,5
FN:8,System.String EcommerceInformatica.Domain.Entities.PaymentMethod::get_Name()
FNDA:12,System.String EcommerceInformatica.Domain.Entities.PaymentMethod::get_Name()
DA:9,12
FN:9,System.String EcommerceInformatica.Domain.Entities.PaymentMethod::get_Description()
FNDA:4,System.String EcommerceInformatica.Domain.Entities.PaymentMethod::get_Description()
DA:10,4
FN:10,System.Boolean EcommerceInformatica.Domain.Entities.PaymentMethod::get_IsActive()
FNDA:4,System.Boolean EcommerceInformatica.Domain.Entities.PaymentMethod::get_IsActive()
DA:11,4
FN:11,System.DateTime EcommerceInformatica.Domain.Entities.PaymentMethod::get_CreatedDate()
FNDA:2,System.DateTime EcommerceInformatica.Domain.Entities.PaymentMethod::get_CreatedDate()
DA:12,2
FN:12,System.Nullable`1<System.DateTime> EcommerceInformatica.Domain.Entities.PaymentMethod::get_ModifiedDate()
FNDA:4,System.Nullable`1<System.DateTime> EcommerceInformatica.Domain.Entities.PaymentMethod::get_ModifiedDate()
DA:13,4
FN:13,System.String EcommerceInformatica.Domain.Entities.PaymentMethod::get_CreatedBy()
FNDA:11,System.String EcommerceInformatica.Domain.Entities.PaymentMethod::get_CreatedBy()
DA:14,11
FN:14,System.String EcommerceInformatica.Domain.Entities.PaymentMethod::get_ModifiedBy()
FNDA:4,System.String EcommerceInformatica.Domain.Entities.PaymentMethod::get_ModifiedBy()
DA:15,4
FN:17,System.Collections.Generic.ICollection`1<EcommerceInformatica.Domain.Entities.Invoice> EcommerceInformatica.Domain.Entities.PaymentMethod::get_Invoices()
FNDA:11,System.Collections.Generic.ICollection`1<EcommerceInformatica.Domain.Entities.Invoice> EcommerceInformatica.Domain.Entities.PaymentMethod::get_Invoices()
DA:18,11
LF:9
LH:9
BRF:0
BRH:0
FNF:9
FNH:9
end_of_record
SF:/modernize-data/studio-data/TNT1001/APP2895/transformed-code/980/studio-workspace/Ecommerce-Informatica/src/EcommerceInformatica.Domain/Entities/Person.cs
FN:7,System.Int32 EcommerceInformatica.Domain.Entities.Person::get_Id()
FNDA:25,System.Int32 EcommerceInformatica.Domain.Entities.Person::get_Id()
DA:8,25
FN:8,System.String EcommerceInformatica.Domain.Entities.Person::get_FirstName()
FNDA:41,System.String EcommerceInformatica.Domain.Entities.Person::get_FirstName()
DA:9,41
FN:9,System.String EcommerceInformatica.Domain.Entities.Person::get_LastName()
FNDA:31,System.String EcommerceInformatica.Domain.Entities.Person::get_LastName()
DA:10,31
FN:10,System.String EcommerceInformatica.Domain.Entities.Person::get_Email()
FNDA:38,System.String EcommerceInformatica.Domain.Entities.Person::get_Email()
DA:11,38
FN:11,System.String EcommerceInformatica.Domain.Entities.Person::get_Phone()
FNDA:4,System.String EcommerceInformatica.Domain.Entities.Person::get_Phone()
DA:12,4
FN:12,System.String EcommerceInformatica.Domain.Entities.Person::get_Address()
FNDA:4,System.String EcommerceInformatica.Domain.Entities.Person::get_Address()
DA:13,4
FN:13,System.Nullable`1<System.Int32> EcommerceInformatica.Domain.Entities.Person::get_CityId()
FNDA:8,System.Nullable`1<System.Int32> EcommerceInformatica.Domain.Entities.Person::get_CityId()
DA:14,8
FN:14,System.String EcommerceInformatica.Domain.Entities.Person::get_Username()
FNDA:47,System.String EcommerceInformatica.Domain.Entities.Person::get_Username()
DA:15,47
FN:15,System.String EcommerceInformatica.Domain.Entities.Person::get_PasswordHash()
FNDA:35,System.String EcommerceInformatica.Domain.Entities.Person::get_PasswordHash()
DA:16,35
FN:16,System.Boolean EcommerceInformatica.Domain.Entities.Person::get_IsActive()
FNDA:11,System.Boolean EcommerceInformatica.Domain.Entities.Person::get_IsActive()
DA:17,11
FN:17,System.DateTime EcommerceInformatica.Domain.Entities.Person::get_CreatedDate()
FNDA:3,System.DateTime EcommerceInformatica.Domain.Entities.Person::get_CreatedDate()
DA:18,3
FN:18,System.Nullable`1<System.DateTime> EcommerceInformatica.Domain.Entities.Person::get_ModifiedDate()
FNDA:5,System.Nullable`1<System.DateTime> EcommerceInformatica.Domain.Entities.Person::get_ModifiedDate()
DA:19,5
FN:19,System.String EcommerceInformatica.Domain.Entities.Person::get_CreatedBy()
FNDA:30,System.String EcommerceInformatica.Domain.Entities.Person::get_CreatedBy()
DA:20,30
FN:20,System.String EcommerceInformatica.Domain.Entities.Person::get_ModifiedBy()
FNDA:4,System.String EcommerceInformatica.Domain.Entities.Person::get_ModifiedBy()
DA:21,4
FN:23,EcommerceInformatica.Domain.Entities.City EcommerceInformatica.Domain.Entities.Person::get_City()
FNDA:4,EcommerceInformatica.Domain.Entities.City EcommerceInformatica.Domain.Entities.Person::get_City()
DA:24,4
FN:24,System.Collections.Generic.ICollection`1<EcommerceInformatica.Domain.Entities.Invoice> EcommerceInformatica.Domain.Entities.Person::get_Invoices()
FNDA:30,System.Collections.Generic.ICollection`1<EcommerceInformatica.Domain.Entities.Invoice> EcommerceInformatica.Domain.Entities.Person::get_Invoices()
DA:25,30
LF:16
LH:16
BRF:0
BRH:0
FNF:16
FNH:16
end_of_record
SF:/modernize-data/studio-data/TNT1001/APP2895/transformed-code/980/studio-workspace/Ecommerce-Informatica/src/EcommerceInformatica.Domain/Entities/Product.cs
FN:7,System.Int32 EcommerceInformatica.Domain.Entities.Product::get_Id()
FNDA:27,System.Int32 EcommerceInformatica.Domain.Entities.Product::get_Id()
DA:8,27
FN:8,System.String EcommerceInformatica.Domain.Entities.Product::get_ArticleId()
FNDA:38,System.String EcommerceInformatica.Domain.Entities.Product::get_ArticleId()
DA:9,38
FN:9,System.Int32 EcommerceInformatica.Domain.Entities.Product::get_SupplierId()
FNDA:7,System.Int32 EcommerceInformatica.Domain.Entities.Product::get_SupplierId()
DA:10,7
FN:10,System.Int32 EcommerceInformatica.Domain.Entities.Product::get_BrandId()
FNDA:5,System.Int32 EcommerceInformatica.Domain.Entities.Product::get_BrandId()
DA:11,5
FN:11,System.Int32 EcommerceInformatica.Domain.Entities.Product::get_CategoryId()
FNDA:5,System.Int32 EcommerceInformatica.Domain.Entities.Product::get_CategoryId()
DA:12,5
FN:12,System.String EcommerceInformatica.Domain.Entities.Product::get_Name()
FNDA:48,System.String EcommerceInformatica.Domain.Entities.Product::get_Name()
DA:13,48
FN:13,System.Int32 EcommerceInformatica.Domain.Entities.Product::get_Stock()
FNDA:7,System.Int32 EcommerceInformatica.Domain.Entities.Product::get_Stock()
DA:14,7
FN:14,System.Decimal EcommerceInformatica.Domain.Entities.Product::get_UnitPrice()
FNDA:5,System.Decimal EcommerceInformatica.Domain.Entities.Product::get_UnitPrice()
DA:15,5
FN:15,System.Boolean EcommerceInformatica.Domain.Entities.Product::get_IsActive()
FNDA:5,System.Boolean EcommerceInformatica.Domain.Entities.Product::get_IsActive()
DA:16,5
FN:16,System.DateTime EcommerceInformatica.Domain.Entities.Product::get_CreatedDate()
FNDA:3,System.DateTime EcommerceInformatica.Domain.Entities.Product::get_CreatedDate()
DA:17,3
FN:17,System.Nullable`1<System.DateTime> EcommerceInformatica.Domain.Entities.Product::get_ModifiedDate()
FNDA:5,System.Nullable`1<System.DateTime> EcommerceInformatica.Domain.Entities.Product::get_ModifiedDate()
DA:18,5
FN:18,System.String EcommerceInformatica.Domain.Entities.Product::get_CreatedBy()
FNDA:29,System.String EcommerceInformatica.Domain.Entities.Product::get_CreatedBy()
DA:19,29
FN:19,System.String EcommerceInformatica.Domain.Entities.Product::get_ModifiedBy()
FNDA:4,System.String EcommerceInformatica.Domain.Entities.Product::get_ModifiedBy()
DA:20,4
FN:22,EcommerceInformatica.Domain.Entities.Supplier EcommerceInformatica.Domain.Entities.Product::get_Supplier()
FNDA:3,EcommerceInformatica.Domain.Entities.Supplier EcommerceInformatica.Domain.Entities.Product::get_Supplier()
DA:23,3
FN:23,EcommerceInformatica.Domain.Entities.Brand EcommerceInformatica.Domain.Entities.Product::get_Brand()
FNDA:3,EcommerceInformatica.Domain.Entities.Brand EcommerceInformatica.Domain.Entities.Product::get_Brand()
DA:24,3
FN:24,EcommerceInformatica.Domain.Entities.Category EcommerceInformatica.Domain.Entities.Product::get_Category()
FNDA:3,EcommerceInformatica.Domain.Entities.Category EcommerceInformatica.Domain.Entities.Product::get_Category()
DA:25,3
FN:25,System.Collections.Generic.ICollection`1<EcommerceInformatica.Domain.Entities.InvoiceDetail> EcommerceInformatica.Domain.Entities.Product::get_InvoiceDetails()
FNDA:29,System.Collections.Generic.ICollection`1<EcommerceInformatica.Domain.Entities.InvoiceDetail> EcommerceInformatica.Domain.Entities.Product::get_InvoiceDetails()
DA:26,29
LF:17
LH:17
BRF:0
BRH:0
FNF:17
FNH:17
end_of_record
SF:/modernize-data/studio-data/TNT1001/APP2895/transformed-code/980/studio-workspace/Ecommerce-Informatica/src/EcommerceInformatica.Domain/Entities/Province.cs
FN:7,System.Int32 EcommerceInformatica.Domain.Entities.Province::get_Id()
FNDA:5,System.Int32 EcommerceInformatica.Domain.Entities.Province::get_Id()
DA:8,5
FN:8,System.String EcommerceInformatica.Domain.Entities.Province::get_Name()
FNDA:12,System.String EcommerceInformatica.Domain.Entities.Province::get_Name()
DA:9,12
FN:9,System.Boolean EcommerceInformatica.Domain.Entities.Province::get_IsActive()
FNDA:4,System.Boolean EcommerceInformatica.Domain.Entities.Province::get_IsActive()
DA:10,4
FN:10,System.DateTime EcommerceInformatica.Domain.Entities.Province::get_CreatedDate()
FNDA:2,System.DateTime EcommerceInformatica.Domain.Entities.Province::get_CreatedDate()
DA:11,2
FN:11,System.Nullable`1<System.DateTime> EcommerceInformatica.Domain.Entities.Province::get_ModifiedDate()
FNDA:4,System.Nullable`1<System.DateTime> EcommerceInformatica.Domain.Entities.Province::get_ModifiedDate()
DA:12,4
FN:12,System.String EcommerceInformatica.Domain.Entities.Province::get_CreatedBy()
FNDA:10,System.String EcommerceInformatica.Domain.Entities.Province::get_CreatedBy()
DA:13,10
FN:13,System.String EcommerceInformatica.Domain.Entities.Province::get_ModifiedBy()
FNDA:4,System.String EcommerceInformatica.Domain.Entities.Province::get_ModifiedBy()
DA:14,4
FN:16,System.Collections.Generic.ICollection`1<EcommerceInformatica.Domain.Entities.City> EcommerceInformatica.Domain.Entities.Province::get_Cities()
FNDA:10,System.Collections.Generic.ICollection`1<EcommerceInformatica.Domain.Entities.City> EcommerceInformatica.Domain.Entities.Province::get_Cities()
DA:17,10
LF:8
LH:8
BRF:0
BRH:0
FNF:8
FNH:8
end_of_record
SF:/modernize-data/studio-data/TNT1001/APP2895/transformed-code/980/studio-workspace/Ecommerce-Informatica/src/EcommerceInformatica.Domain/Entities/Supplier.cs
FN:7,System.Int32 EcommerceInformatica.Domain.Entities.Supplier::get_Id()
FNDA:5,System.Int32 EcommerceInformatica.Domain.Entities.Supplier::get_Id()
DA:8,5
FN:8,System.String EcommerceInformatica.Domain.Entities.Supplier::get_Name()
FNDA:14,System.String EcommerceInformatica.Domain.Entities.Supplier::get_Name()
DA:9,14
FN:9,System.String EcommerceInformatica.Domain.Entities.Supplier::get_ContactPerson()
FNDA:4,System.String EcommerceInformatica.Domain.Entities.Supplier::get_ContactPerson()
DA:10,4
FN:10,System.String EcommerceInformatica.Domain.Entities.Supplier::get_Email()
FNDA:4,System.String EcommerceInformatica.Domain.Entities.Supplier::get_Email()
DA:11,4
FN:11,System.String EcommerceInformatica.Domain.Entities.Supplier::get_Phone()
FNDA:4,System.String EcommerceInformatica.Domain.Entities.Supplier::get_Phone()
DA:12,4
FN:12,System.String EcommerceInformatica.Domain.Entities.Supplier::get_Address()
FNDA:4,System.String EcommerceInformatica.Domain.Entities.Supplier::get_Address()
DA:13,4
FN:13,System.Boolean EcommerceInformatica.Domain.Entities.Supplier::get_IsActive()
FNDA:3,System.Boolean EcommerceInformatica.Domain.Entities.Supplier::get_IsActive()
DA:14,3
FN:14,System.DateTime EcommerceInformatica.Domain.Entities.Supplier::get_CreatedDate()
FNDA:2,System.DateTime EcommerceInformatica.Domain.Entities.Supplier::get_CreatedDate()
DA:15,2
FN:15,System.Nullable`1<System.DateTime> EcommerceInformatica.Domain.Entities.Supplier::get_ModifiedDate()
FNDA:4,System.Nullable`1<System.DateTime> EcommerceInformatica.Domain.Entities.Supplier::get_ModifiedDate()
DA:16,4
FN:16,System.String EcommerceInformatica.Domain.Entities.Supplier::get_CreatedBy()
FNDA:13,System.String EcommerceInformatica.Domain.Entities.Supplier::get_CreatedBy()
DA:17,13
FN:17,System.String EcommerceInformatica.Domain.Entities.Supplier::get_ModifiedBy()
FNDA:4,System.String EcommerceInformatica.Domain.Entities.Supplier::get_ModifiedBy()
DA:18,4
FN:20,System.Collections.Generic.ICollection`1<EcommerceInformatica.Domain.Entities.Product> EcommerceInformatica.Domain.Entities.Supplier::get_Products()
FNDA:13,System.Collections.Generic.ICollection`1<EcommerceInformatica.Domain.Entities.Product> EcommerceInformatica.Domain.Entities.Supplier::get_Products()
DA:21,13
LF:12
LH:12
BRF:0
BRH:0
FNF:12
FNH:12
end_of_record
SF:/modernize-data/studio-data/TNT1001/APP2895/transformed-code/980/studio-workspace/Ecommerce-Informatica/src/EcommerceInformatica.Application/Services/BaseService.cs
FN:119,System.Void EcommerceInformatica.Application.Services.BaseService`2::SetAuditFields(TEntity,System.Boolean)
FNDA:4,System.Void EcommerceInformatica.Application.Services.BaseService`2::SetAuditFields(TEntity,System.Boolean)
DA:120,4
DA:121,4
DA:123,4
DA:124,2
DA:125,2
DA:126,2
DA:127,2
DA:128,2
DA:129,2
DA:131,2
DA:132,2
DA:133,2
DA:135,2
DA:136,2
DA:137,2
DA:139,2
DA:140,2
DA:141,2
DA:142,2
DA:143,2
DA:144,2
DA:146,2
DA:147,2
DA:148,2
DA:150,2
DA:151,2
DA:152,2
DA:153,4
BRDA:123,16,0,2
BRDA:126,38,0,2
BRDA:126,38,1,0
BRDA:126,53,0,2
BRDA:126,53,1,2
BRDA:132,99,0,2
BRDA:132,99,1,0
BRDA:132,114,0,2
BRDA:132,114,1,2
BRDA:123,16,1,2
BRDA:141,161,0,2
BRDA:141,161,1,0
BRDA:141,177,0,2
BRDA:141,177,1,2
BRDA:147,226,0,2
BRDA:147,226,1,0
BRDA:147,242,0,2
BRDA:147,242,1,2
FN:15,System.Void EcommerceInformatica.Application.Services.BaseService`2::.ctor(EcommerceInformatica.Domain.Interfaces.Repositories.IUnitOfWork,Microsoft.Extensions.Logging.ILogger`1<TService>)
FNDA:24,System.Void EcommerceInformatica.Application.Services.BaseService`2::.ctor(EcommerceInformatica.Domain.Interfaces.Repositories.IUnitOfWork,Microsoft.Extensions.Logging.ILogger`1<TService>)
DA:16,24
DA:17,24
DA:18,24
DA:19,22
DA:20,20
BRDA:18,11,0,2
BRDA:18,11,1,22
BRDA:19,33,0,2
BRDA:19,33,1,20
FN:52,System.Void EcommerceInformatica.Application.Services.BaseService`2/<CreateAsync>d__7::MoveNext()
FNDA:2,System.Void EcommerceInformatica.Application.Services.BaseService`2/<CreateAsync>d__7::MoveNext()
DA:53,2
DA:55,2
DA:56,2
DA:59,2
DA:61,2
DA:62,2
DA:64,2
DA:65,2
DA:67,0
DA:68,0
DA:69,0
DA:70,0
DA:72,2
FN:95,System.Void EcommerceInformatica.Application.Services.BaseService`2/<DeleteAsync>d__9::MoveNext()
FNDA:2,System.Void EcommerceInformatica.Application.Services.BaseService`2/<DeleteAsync>d__9::MoveNext()
DA:96,2
DA:98,2
DA:99,2
DA:101,2
DA:102,2
DA:103,0
DA:104,0
DA:107,2
DA:108,2
DA:110,2
DA:111,2
DA:112,0
DA:113,0
DA:114,0
DA:115,0
DA:117,2
BRDA:102,276,0,0
BRDA:102,276,1,2
FN:38,System.Void EcommerceInformatica.Application.Services.BaseService`2/<GetAllAsync>d__6::MoveNext()
FNDA:2,System.Void EcommerceInformatica.Application.Services.BaseService`2/<GetAllAsync>d__6::MoveNext()
DA:39,2
DA:41,2
DA:42,2
DA:43,2
DA:45,0
DA:46,0
DA:47,0
DA:48,0
DA:50,2
FN:24,System.Void EcommerceInformatica.Application.Services.BaseService`2/<GetByIdAsync>d__5::MoveNext()
FNDA:2,System.Void EcommerceInformatica.Application.Services.BaseService`2/<GetByIdAsync>d__5::MoveNext()
DA:25,2
DA:27,2
DA:28,2
DA:29,2
DA:31,0
DA:32,0
DA:33,0
DA:34,0
DA:36,2
FN:74,System.Void EcommerceInformatica.Application.Services.BaseService`2/<UpdateAsync>d__8::MoveNext()
FNDA:2,System.Void EcommerceInformatica.Application.Services.BaseService`2/<UpdateAsync>d__8::MoveNext()
DA:75,2
DA:77,2
DA:78,2
DA:81,2
DA:83,2
DA:84,2
DA:86,2
DA:87,2
DA:88,0
DA:89,0
DA:90,0
DA:91,0
DA:93,2
LF:93
LH:71
BRF:24
BRH:19
FNF:7
FNH:7
end_of_record
SF:/modernize-data/studio-data/TNT1001/APP2895/transformed-code/980/studio-workspace/Ecommerce-Informatica/src/EcommerceInformatica.Application/Services/BrandService.cs
FN:12,EcommerceInformatica.Domain.Interfaces.Repositories.IRepository`1<EcommerceInformatica.Domain.Entities.Brand> EcommerceInformatica.Application.Services.BrandService::get_Repository()
FNDA:6,EcommerceInformatica.Domain.Interfaces.Repositories.IRepository`1<EcommerceInformatica.Domain.Entities.Brand> EcommerceInformatica.Application.Services.BrandService::get_Repository()
DA:13,6
FN:10,System.Void EcommerceInformatica.Application.Services.BrandService::.ctor(EcommerceInformatica.Domain.Interfaces.Repositories.IUnitOfWork,Microsoft.Extensions.Logging.ILogger`1<EcommerceInformatica.Application.Services.BrandService>)
FNDA:32,System.Void EcommerceInformatica.Application.Services.BrandService::.ctor(EcommerceInformatica.Domain.Interfaces.Repositories.IUnitOfWork,Microsoft.Extensions.Logging.ILogger`1<EcommerceInformatica.Application.Services.BrandService>)
DA:11,32
FN:29,System.Void EcommerceInformatica.Application.Services.BrandService/<GetActiveBrandsAsync>d__4::MoveNext()
FNDA:1,System.Void EcommerceInformatica.Application.Services.BrandService/<GetActiveBrandsAsync>d__4::MoveNext()
DA:30,1
DA:32,1
DA:33,1
DA:34,1
DA:36,0
DA:37,0
DA:38,0
DA:39,0
DA:41,1
FN:43,System.Void EcommerceInformatica.Application.Services.BrandService/<GetBrandsWithProductsAsync>d__5::MoveNext()
FNDA:1,System.Void EcommerceInformatica.Application.Services.BrandService/<GetBrandsWithProductsAsync>d__5::MoveNext()
DA:44,1
DA:46,1
DA:47,1
DA:48,1
DA:50,0
DA:51,0
DA:52,0
DA:53,0
DA:55,1
FN:15,System.Void EcommerceInformatica.Application.Services.BrandService/<GetByNameAsync>d__3::MoveNext()
FNDA:1,System.Void EcommerceInformatica.Application.Services.BrandService/<GetByNameAsync>d__3::MoveNext()
DA:16,1
DA:18,1
DA:19,1
DA:20,1
DA:22,0
DA:23,0
DA:24,0
DA:25,0
DA:27,1
LF:29
LH:17
BRF:0
BRH:0
FNF:5
FNH:5
end_of_record
SF:/modernize-data/studio-data/TNT1001/APP2895/transformed-code/980/studio-workspace/Ecommerce-Informatica/src/EcommerceInformatica.Application/Services/CategoryService.cs
FN:12,EcommerceInformatica.Domain.Interfaces.Repositories.IRepository`1<EcommerceInformatica.Domain.Entities.Category> EcommerceInformatica.Application.Services.CategoryService::get_Repository()
FNDA:6,EcommerceInformatica.Domain.Interfaces.Repositories.IRepository`1<EcommerceInformatica.Domain.Entities.Category> EcommerceInformatica.Application.Services.CategoryService::get_Repository()
DA:13,6
FN:10,System.Void EcommerceInformatica.Application.Services.CategoryService::.ctor(EcommerceInformatica.Domain.Interfaces.Repositories.IUnitOfWork,Microsoft.Extensions.Logging.ILogger`1<EcommerceInformatica.Application.Services.CategoryService>)
FNDA:32,System.Void EcommerceInformatica.Application.Services.CategoryService::.ctor(EcommerceInformatica.Domain.Interfaces.Repositories.IUnitOfWork,Microsoft.Extensions.Logging.ILogger`1<EcommerceInformatica.Application.Services.CategoryService>)
DA:11,32
FN:29,System.Void EcommerceInformatica.Application.Services.CategoryService/<GetActiveCategoriesAsync>d__4::MoveNext()
FNDA:1,System.Void EcommerceInformatica.Application.Services.CategoryService/<GetActiveCategoriesAsync>d__4::MoveNext()
DA:30,1
DA:32,1
DA:33,1
DA:34,1
DA:36,0
DA:37,0
DA:38,0
DA:39,0
DA:41,1
FN:15,System.Void EcommerceInformatica.Application.Services.CategoryService/<GetByNameAsync>d__3::MoveNext()
FNDA:1,System.Void EcommerceInformatica.Application.Services.CategoryService/<GetByNameAsync>d__3::MoveNext()
DA:16,1
DA:18,1
DA:19,1
DA:20,1
DA:22,0
DA:23,0
DA:24,0
DA:25,0
DA:27,1
FN:43,System.Void EcommerceInformatica.Application.Services.CategoryService/<GetCategoriesWithProductsAsync>d__5::MoveNext()
FNDA:1,System.Void EcommerceInformatica.Application.Services.CategoryService/<GetCategoriesWithProductsAsync>d__5::MoveNext()
DA:44,1
DA:46,1
DA:47,1
DA:48,1
DA:50,0
DA:51,0
DA:52,0
DA:53,0
DA:55,1
LF:29
LH:17
BRF:0
BRH:0
FNF:5
FNH:5
end_of_record
SF:/modernize-data/studio-data/TNT1001/APP2895/transformed-code/980/studio-workspace/Ecommerce-Informatica/src/EcommerceInformatica.Application/Services/CityService.cs
FN:12,EcommerceInformatica.Domain.Interfaces.Repositories.IRepository`1<EcommerceInformatica.Domain.Entities.City> EcommerceInformatica.Application.Services.CityService::get_Repository()
FNDA:0,EcommerceInformatica.Domain.Interfaces.Repositories.IRepository`1<EcommerceInformatica.Domain.Entities.City> EcommerceInformatica.Application.Services.CityService::get_Repository()
DA:13,0
FN:10,System.Void EcommerceInformatica.Application.Services.CityService::.ctor(EcommerceInformatica.Domain.Interfaces.Repositories.IUnitOfWork,Microsoft.Extensions.Logging.ILogger`1<EcommerceInformatica.Application.Services.CityService>)
FNDA:0,System.Void EcommerceInformatica.Application.Services.CityService::.ctor(EcommerceInformatica.Domain.Interfaces.Repositories.IUnitOfWork,Microsoft.Extensions.Logging.ILogger`1<EcommerceInformatica.Application.Services.CityService>)
DA:11,0
FN:43,System.Void EcommerceInformatica.Application.Services.CityService/<GetActiveCitiesAsync>d__5::MoveNext()
FNDA:0,System.Void EcommerceInformatica.Application.Services.CityService/<GetActiveCitiesAsync>d__5::MoveNext()
DA:44,0
DA:46,0
DA:47,0
DA:48,0
DA:50,0
DA:51,0
DA:52,0
DA:53,0
DA:55,0
FN:15,System.Void EcommerceInformatica.Application.Services.CityService/<GetByNameAsync>d__3::MoveNext()
FNDA:0,System.Void EcommerceInformatica.Application.Services.CityService/<GetByNameAsync>d__3::MoveNext()
DA:16,0
DA:18,0
DA:19,0
DA:20,0
DA:22,0
DA:23,0
DA:24,0
DA:25,0
DA:27,0
FN:29,System.Void EcommerceInformatica.Application.Services.CityService/<GetByProvinceIdAsync>d__4::MoveNext()
FNDA:0,System.Void EcommerceInformatica.Application.Services.CityService/<GetByProvinceIdAsync>d__4::MoveNext()
DA:30,0
DA:32,0
DA:33,0
DA:34,0
DA:36,0
DA:37,0
DA:38,0
DA:39,0
DA:41,0
LF:29
LH:0
BRF:0
BRH:0
FNF:5
FNH:0
end_of_record
SF:/modernize-data/studio-data/TNT1001/APP2895/transformed-code/980/studio-workspace/Ecommerce-Informatica/src/EcommerceInformatica.Application/Services/InvoiceDetailService.cs
FN:12,EcommerceInformatica.Domain.Interfaces.Repositories.IRepository`1<EcommerceInformatica.Domain.Entities.InvoiceDetail> EcommerceInformatica.Application.Services.InvoiceDetailService::get_Repository()
FNDA:0,EcommerceInformatica.Domain.Interfaces.Repositories.IRepository`1<EcommerceInformatica.Domain.Entities.InvoiceDetail> EcommerceInformatica.Application.Services.InvoiceDetailService::get_Repository()
DA:13,0
FN:10,System.Void EcommerceInformatica.Application.Services.InvoiceDetailService::.ctor(EcommerceInformatica.Domain.Interfaces.Repositories.IUnitOfWork,Microsoft.Extensions.Logging.ILogger`1<EcommerceInformatica.Application.Services.InvoiceDetailService>)
FNDA:0,System.Void EcommerceInformatica.Application.Services.InvoiceDetailService::.ctor(EcommerceInformatica.Domain.Interfaces.Repositories.IUnitOfWork,Microsoft.Extensions.Logging.ILogger`1<EcommerceInformatica.Application.Services.InvoiceDetailService>)
DA:11,0
FN:15,System.Void EcommerceInformatica.Application.Services.InvoiceDetailService/<GetByInvoiceIdAsync>d__3::MoveNext()
FNDA:0,System.Void EcommerceInformatica.Application.Services.InvoiceDetailService/<GetByInvoiceIdAsync>d__3::MoveNext()
DA:16,0
DA:18,0
DA:19,0
DA:20,0
DA:22,0
DA:23,0
DA:24,0
DA:25,0
DA:27,0
FN:29,System.Void EcommerceInformatica.Application.Services.InvoiceDetailService/<GetByProductIdAsync>d__4::MoveNext()
FNDA:0,System.Void EcommerceInformatica.Application.Services.InvoiceDetailService/<GetByProductIdAsync>d__4::MoveNext()
DA:30,0
DA:32,0
DA:33,0
DA:34,0
DA:36,0
DA:37,0
DA:38,0
DA:39,0
DA:41,0
FN:43,System.Void EcommerceInformatica.Application.Services.InvoiceDetailService/<GetTopSellingProductsAsync>d__5::MoveNext()
FNDA:0,System.Void EcommerceInformatica.Application.Services.InvoiceDetailService/<GetTopSellingProductsAsync>d__5::MoveNext()
DA:44,0
DA:46,0
DA:47,0
DA:48,0
DA:50,0
DA:51,0
DA:52,0
DA:53,0
DA:55,0
LF:29
LH:0
BRF:0
BRH:0
FNF:5
FNH:0
end_of_record
SF:/modernize-data/studio-data/TNT1001/APP2895/transformed-code/980/studio-workspace/Ecommerce-Informatica/src/EcommerceInformatica.Application/Services/InvoiceService.cs
FN:12,EcommerceInformatica.Domain.Interfaces.Repositories.IRepository`1<EcommerceInformatica.Domain.Entities.Invoice> EcommerceInformatica.Application.Services.InvoiceService::get_Repository()
FNDA:0,EcommerceInformatica.Domain.Interfaces.Repositories.IRepository`1<EcommerceInformatica.Domain.Entities.Invoice> EcommerceInformatica.Application.Services.InvoiceService::get_Repository()
DA:13,0
FN:99,System.Threading.Tasks.Task`1<System.String> EcommerceInformatica.Application.Services.InvoiceService::GenerateInvoiceNumberAsync(System.Threading.CancellationToken)
FNDA:0,System.Threading.Tasks.Task`1<System.String> EcommerceInformatica.Application.Services.InvoiceService::GenerateInvoiceNumberAsync(System.Threading.CancellationToken)
DA:100,0
DA:102,0
DA:103,0
DA:104,0
DA:105,0
DA:106,0
DA:108,0
DA:109,0
DA:110,0
DA:111,0
DA:113,0
FN:10,System.Void EcommerceInformatica.Application.Services.InvoiceService::.ctor(EcommerceInformatica.Domain.Interfaces.Repositories.IUnitOfWork,Microsoft.Extensions.Logging.ILogger`1<EcommerceInformatica.Application.Services.InvoiceService>)
FNDA:0,System.Void EcommerceInformatica.Application.Services.InvoiceService::.ctor(EcommerceInformatica.Domain.Interfaces.Repositories.IUnitOfWork,Microsoft.Extensions.Logging.ILogger`1<EcommerceInformatica.Application.Services.InvoiceService>)
DA:11,0
FN:57,System.Void EcommerceInformatica.Application.Services.InvoiceService/<GetByDateRangeAsync>d__6::MoveNext()
FNDA:0,System.Void EcommerceInformatica.Application.Services.InvoiceService/<GetByDateRangeAsync>d__6::MoveNext()
DA:58,0
DA:60,0
DA:61,0
DA:62,0
DA:64,0
DA:65,0
DA:66,0
DA:67,0
DA:69,0
FN:15,System.Void EcommerceInformatica.Application.Services.InvoiceService/<GetByInvoiceNumberAsync>d__3::MoveNext()
FNDA:0,System.Void EcommerceInformatica.Application.Services.InvoiceService/<GetByInvoiceNumberAsync>d__3::MoveNext()
DA:16,0
DA:18,0
DA:19,0
DA:20,0
DA:22,0
DA:23,0
DA:24,0
DA:25,0
DA:27,0
FN:43,System.Void EcommerceInformatica.Application.Services.InvoiceService/<GetByPaymentMethodIdAsync>d__5::MoveNext()
FNDA:0,System.Void EcommerceInformatica.Application.Services.InvoiceService/<GetByPaymentMethodIdAsync>d__5::MoveNext()
DA:44,0
DA:46,0
DA:47,0
DA:48,0
DA:50,0
DA:51,0
DA:52,0
DA:53,0
DA:55,0
FN:29,System.Void EcommerceInformatica.Application.Services.InvoiceService/<GetByPersonIdAsync>d__4::MoveNext()
FNDA:0,System.Void EcommerceInformatica.Application.Services.InvoiceService/<GetByPersonIdAsync>d__4::MoveNext()
DA:30,0
DA:32,0
DA:33,0
DA:34,0
DA:36,0
DA:37,0
DA:38,0
DA:39,0
DA:41,0
FN:71,System.Void EcommerceInformatica.Application.Services.InvoiceService/<GetInvoicesWithDetailsAsync>d__7::MoveNext()
FNDA:0,System.Void EcommerceInformatica.Application.Services.InvoiceService/<GetInvoicesWithDetailsAsync>d__7::MoveNext()
DA:72,0
DA:74,0
DA:75,0
DA:76,0
DA:78,0
DA:79,0
DA:80,0
DA:81,0
DA:83,0
FN:85,System.Void EcommerceInformatica.Application.Services.InvoiceService/<GetTotalSalesByDateRangeAsync>d__8::MoveNext()
FNDA:0,System.Void EcommerceInformatica.Application.Services.InvoiceService/<GetTotalSalesByDateRangeAsync>d__8::MoveNext()
DA:86,0
DA:88,0
DA:89,0
DA:90,0
DA:92,0
DA:93,0
DA:94,0
DA:95,0
DA:97,0
LF:67
LH:0
BRF:0
BRH:0
FNF:9
FNH:0
end_of_record
SF:/modernize-data/studio-data/TNT1001/APP2895/transformed-code/980/studio-workspace/Ecommerce-Informatica/src/EcommerceInformatica.Application/Services/PaymentMethodService.cs
FN:12,EcommerceInformatica.Domain.Interfaces.Repositories.IRepository`1<EcommerceInformatica.Domain.Entities.PaymentMethod> EcommerceInformatica.Application.Services.PaymentMethodService::get_Repository()
FNDA:0,EcommerceInformatica.Domain.Interfaces.Repositories.IRepository`1<EcommerceInformatica.Domain.Entities.PaymentMethod> EcommerceInformatica.Application.Services.PaymentMethodService::get_Repository()
DA:13,0
FN:10,System.Void EcommerceInformatica.Application.Services.PaymentMethodService::.ctor(EcommerceInformatica.Domain.Interfaces.Repositories.IUnitOfWork,Microsoft.Extensions.Logging.ILogger`1<EcommerceInformatica.Application.Services.PaymentMethodService>)
FNDA:0,System.Void EcommerceInformatica.Application.Services.PaymentMethodService::.ctor(EcommerceInformatica.Domain.Interfaces.Repositories.IUnitOfWork,Microsoft.Extensions.Logging.ILogger`1<EcommerceInformatica.Application.Services.PaymentMethodService>)
DA:11,0
FN:29,System.Void EcommerceInformatica.Application.Services.PaymentMethodService/<GetActivePaymentMethodsAsync>d__4::MoveNext()
FNDA:0,System.Void EcommerceInformatica.Application.Services.PaymentMethodService/<GetActivePaymentMethodsAsync>d__4::MoveNext()
DA:30,0
DA:32,0
DA:33,0
DA:34,0
DA:36,0
DA:37,0
DA:38,0
DA:39,0
DA:41,0
FN:15,System.Void EcommerceInformatica.Application.Services.PaymentMethodService/<GetByNameAsync>d__3::MoveNext()
FNDA:0,System.Void EcommerceInformatica.Application.Services.PaymentMethodService/<GetByNameAsync>d__3::MoveNext()
DA:16,0
DA:18,0
DA:19,0
DA:20,0
DA:22,0
DA:23,0
DA:24,0
DA:25,0
DA:27,0
LF:20
LH:0
BRF:0
BRH:0
FNF:4
FNH:0
end_of_record
SF:/modernize-data/studio-data/TNT1001/APP2895/transformed-code/980/studio-workspace/Ecommerce-Informatica/src/EcommerceInformatica.Application/Services/PersonService.cs
FN:15,System.Void EcommerceInformatica.Application.Services.PersonService::.ctor(EcommerceInformatica.Domain.Interfaces.Repositories.IUnitOfWork,Microsoft.Extensions.Logging.ILogger`1<EcommerceInformatica.Application.Services.PersonService>)
FNDA:24,System.Void EcommerceInformatica.Application.Services.PersonService::.ctor(EcommerceInformatica.Domain.Interfaces.Repositories.IUnitOfWork,Microsoft.Extensions.Logging.ILogger`1<EcommerceInformatica.Application.Services.PersonService>)
DA:16,24
DA:17,24
DA:18,24
DA:19,23
DA:20,22
BRDA:18,11,0,1
BRDA:18,11,1,23
BRDA:19,33,0,1
BRDA:19,33,1,22
FN:106,System.Void EcommerceInformatica.Application.Services.PersonService/<CreateAsync>d__9::MoveNext()
FNDA:3,System.Void EcommerceInformatica.Application.Services.PersonService/<CreateAsync>d__9::MoveNext()
DA:107,3
DA:109,3
DA:110,3
DA:113,3
DA:114,1
DA:115,1
DA:118,2
DA:119,1
DA:120,1
DA:123,1
DA:124,1
DA:125,1
DA:127,1
DA:128,1
DA:130,2
DA:131,2
DA:132,2
DA:133,2
DA:135,1
BRDA:113,236,0,1
BRDA:113,236,1,2
BRDA:118,408,0,1
BRDA:118,408,1,1
FN:162,System.Void EcommerceInformatica.Application.Services.PersonService/<DeleteAsync>d__11::MoveNext()
FNDA:2,System.Void EcommerceInformatica.Application.Services.PersonService/<DeleteAsync>d__11::MoveNext()
DA:163,2
DA:165,2
DA:166,2
DA:168,2
DA:169,2
DA:170,1
DA:171,1
DA:174,1
DA:175,1
DA:177,1
DA:178,1
DA:179,1
DA:180,1
DA:181,1
DA:182,1
DA:184,1
BRDA:169,253,0,1
BRDA:169,253,1,1
FN:199,System.Void EcommerceInformatica.Application.Services.PersonService/<EmailExistsAsync>d__13::MoveNext()
FNDA:3,System.Void EcommerceInformatica.Application.Services.PersonService/<EmailExistsAsync>d__13::MoveNext()
DA:200,3
DA:202,3
DA:203,3
DA:205,0
DA:206,0
DA:207,0
DA:208,0
DA:210,3
FN:92,System.Void EcommerceInformatica.Application.Services.PersonService/<GetActiveCustomersAsync>d__8::MoveNext()
FNDA:1,System.Void EcommerceInformatica.Application.Services.PersonService/<GetActiveCustomersAsync>d__8::MoveNext()
DA:93,1
DA:95,1
DA:96,1
DA:97,1
DA:99,0
DA:100,0
DA:101,0
DA:102,0
DA:104,1
FN:36,System.Void EcommerceInformatica.Application.Services.PersonService/<GetAllAsync>d__4::MoveNext()
FNDA:1,System.Void EcommerceInformatica.Application.Services.PersonService/<GetAllAsync>d__4::MoveNext()
DA:37,1
DA:39,1
DA:40,1
DA:41,1
DA:43,0
DA:44,0
DA:45,0
DA:46,0
DA:48,1
FN:78,System.Void EcommerceInformatica.Application.Services.PersonService/<GetByCityIdAsync>d__7::MoveNext()
FNDA:1,System.Void EcommerceInformatica.Application.Services.PersonService/<GetByCityIdAsync>d__7::MoveNext()
DA:79,1
DA:81,1
DA:82,1
DA:83,1
DA:85,0
DA:86,0
DA:87,0
DA:88,0
DA:90,1
FN:64,System.Void EcommerceInformatica.Application.Services.PersonService/<GetByEmailAsync>d__6::MoveNext()
FNDA:1,System.Void EcommerceInformatica.Application.Services.PersonService/<GetByEmailAsync>d__6::MoveNext()
DA:65,1
DA:67,1
DA:68,1
DA:69,1
DA:71,0
DA:72,0
DA:73,0
DA:74,0
DA:76,1
FN:22,System.Void EcommerceInformatica.Application.Services.PersonService/<GetByIdAsync>d__3::MoveNext()
FNDA:2,System.Void EcommerceInformatica.Application.Services.PersonService/<GetByIdAsync>d__3::MoveNext()
DA:23,2
DA:25,2
DA:26,2
DA:27,2
DA:29,0
DA:30,0
DA:31,0
DA:32,0
DA:34,2
FN:50,System.Void EcommerceInformatica.Application.Services.PersonService/<GetByUsernameAsync>d__5::MoveNext()
FNDA:1,System.Void EcommerceInformatica.Application.Services.PersonService/<GetByUsernameAsync>d__5::MoveNext()
DA:51,1
DA:53,1
DA:54,1
DA:55,1
DA:57,0
DA:58,0
DA:59,0
DA:60,0
DA:62,1
FN:137,System.Void EcommerceInformatica.Application.Services.PersonService/<UpdateAsync>d__10::MoveNext()
FNDA:2,System.Void EcommerceInformatica.Application.Services.PersonService/<UpdateAsync>d__10::MoveNext()
DA:138,2
DA:140,2
DA:141,2
DA:143,2
DA:144,2
DA:145,1
DA:146,1
DA:149,1
DA:150,1
DA:151,1
DA:153,1
DA:154,1
DA:155,1
DA:156,1
DA:157,1
DA:158,1
DA:160,1
BRDA:144,263,0,1
BRDA:144,263,1,1
FN:186,System.Void EcommerceInformatica.Application.Services.PersonService/<UsernameExistsAsync>d__12::MoveNext()
FNDA:4,System.Void EcommerceInformatica.Application.Services.PersonService/<UsernameExistsAsync>d__12::MoveNext()
DA:187,4
DA:189,4
DA:190,4
DA:192,0
DA:193,0
DA:194,0
DA:195,0
DA:197,4
FN:212,System.Void EcommerceInformatica.Application.Services.PersonService/<ValidateCredentialsAsync>d__14::MoveNext()
FNDA:4,System.Void EcommerceInformatica.Application.Services.PersonService/<ValidateCredentialsAsync>d__14::MoveNext()
DA:213,4
DA:215,4
DA:216,4
DA:218,4
DA:219,4
DA:220,2
DA:221,2
DA:226,2
DA:228,0
DA:229,0
DA:230,0
DA:231,0
DA:233,4
BRDA:219,214,0,3
BRDA:219,214,1,1
BRDA:219,237,0,2
BRDA:219,237,1,2
LF:140
LH:104
BRF:16
BRH:16
FNF:13
FNH:13
end_of_record
SF:/modernize-data/studio-data/TNT1001/APP2895/transformed-code/980/studio-workspace/Ecommerce-Informatica/src/EcommerceInformatica.Application/Services/ProductService.cs
FN:15,System.Void EcommerceInformatica.Application.Services.ProductService::.ctor(EcommerceInformatica.Domain.Interfaces.Repositories.IUnitOfWork,Microsoft.Extensions.Logging.ILogger`1<EcommerceInformatica.Application.Services.ProductService>)
FNDA:21,System.Void EcommerceInformatica.Application.Services.ProductService::.ctor(EcommerceInformatica.Domain.Interfaces.Repositories.IUnitOfWork,Microsoft.Extensions.Logging.ILogger`1<EcommerceInformatica.Application.Services.ProductService>)
DA:16,21
DA:17,21
DA:18,21
DA:19,20
DA:20,19
BRDA:18,11,0,1
BRDA:18,11,1,20
BRDA:19,33,0,1
BRDA:19,33,1,19
FN:209,System.Void EcommerceInformatica.Application.Services.ProductService/<ArticleIdExistsAsync>d__14::MoveNext()
FNDA:4,System.Void EcommerceInformatica.Application.Services.ProductService/<ArticleIdExistsAsync>d__14::MoveNext()
DA:210,4
DA:212,4
DA:213,4
DA:214,4
DA:216,0
DA:217,0
DA:218,0
DA:219,0
DA:221,4
FN:134,System.Void EcommerceInformatica.Application.Services.ProductService/<CreateAsync>d__11::MoveNext()
FNDA:2,System.Void EcommerceInformatica.Application.Services.ProductService/<CreateAsync>d__11::MoveNext()
DA:135,2
DA:137,2
DA:138,2
DA:141,2
DA:142,1
DA:143,1
DA:146,1
DA:147,1
DA:148,1
DA:150,1
DA:151,1
DA:153,1
DA:154,1
DA:155,1
DA:156,1
DA:158,1
BRDA:141,227,0,1
BRDA:141,227,1,1
FN:185,System.Void EcommerceInformatica.Application.Services.ProductService/<DeleteAsync>d__13::MoveNext()
FNDA:2,System.Void EcommerceInformatica.Application.Services.ProductService/<DeleteAsync>d__13::MoveNext()
DA:186,2
DA:188,2
DA:189,2
DA:191,2
DA:192,2
DA:193,1
DA:194,1
DA:197,1
DA:198,1
DA:200,1
DA:201,1
DA:202,1
DA:203,1
DA:204,1
DA:205,1
DA:207,1
BRDA:192,253,0,1
BRDA:192,253,1,1
FN:106,System.Void EcommerceInformatica.Application.Services.ProductService/<GetActiveProductsAsync>d__9::MoveNext()
FNDA:1,System.Void EcommerceInformatica.Application.Services.ProductService/<GetActiveProductsAsync>d__9::MoveNext()
DA:107,1
DA:109,1
DA:110,1
DA:111,1
DA:113,0
DA:114,0
DA:115,0
DA:116,0
DA:118,1
FN:36,System.Void EcommerceInformatica.Application.Services.ProductService/<GetAllAsync>d__4::MoveNext()
FNDA:1,System.Void EcommerceInformatica.Application.Services.ProductService/<GetAllAsync>d__4::MoveNext()
DA:37,1
DA:39,1
DA:40,1
DA:41,1
DA:43,0
DA:44,0
DA:45,0
DA:46,0
DA:48,1
FN:92,System.Void EcommerceInformatica.Application.Services.ProductService/<GetByArticleIdAsync>d__8::MoveNext()
FNDA:1,System.Void EcommerceInformatica.Application.Services.ProductService/<GetByArticleIdAsync>d__8::MoveNext()
DA:93,1
DA:95,1
DA:96,1
DA:97,1
DA:99,0
DA:100,0
DA:101,0
DA:102,0
DA:104,1
FN:64,System.Void EcommerceInformatica.Application.Services.ProductService/<GetByBrandIdAsync>d__6::MoveNext()
FNDA:1,System.Void EcommerceInformatica.Application.Services.ProductService/<GetByBrandIdAsync>d__6::MoveNext()
DA:65,1
DA:67,1
DA:68,1
DA:69,1
DA:71,0
DA:72,0
DA:73,0
DA:74,0
DA:76,1
FN:78,System.Void EcommerceInformatica.Application.Services.ProductService/<GetByCategoryIdAsync>d__7::MoveNext()
FNDA:1,System.Void EcommerceInformatica.Application.Services.ProductService/<GetByCategoryIdAsync>d__7::MoveNext()
DA:79,1
DA:81,1
DA:82,1
DA:83,1
DA:85,0
DA:86,0
DA:87,0
DA:88,0
DA:90,1
FN:22,System.Void EcommerceInformatica.Application.Services.ProductService/<GetByIdAsync>d__3::MoveNext()
FNDA:2,System.Void EcommerceInformatica.Application.Services.ProductService/<GetByIdAsync>d__3::MoveNext()
DA:23,2
DA:25,2
DA:26,2
DA:27,2
DA:29,0
DA:30,0
DA:31,0
DA:32,0
DA:34,2
FN:50,System.Void EcommerceInformatica.Application.Services.ProductService/<GetBySupplierIdAsync>d__5::MoveNext()
FNDA:1,System.Void EcommerceInformatica.Application.Services.ProductService/<GetBySupplierIdAsync>d__5::MoveNext()
DA:51,1
DA:53,1
DA:54,1
DA:55,1
DA:57,0
DA:58,0
DA:59,0
DA:60,0
DA:62,1
FN:120,System.Void EcommerceInformatica.Application.Services.ProductService/<GetProductsWithLowStockAsync>d__10::MoveNext()
FNDA:1,System.Void EcommerceInformatica.Application.Services.ProductService/<GetProductsWithLowStockAsync>d__10::MoveNext()
DA:121,1
DA:123,1
DA:124,1
DA:125,1
DA:127,0
DA:128,0
DA:129,0
DA:130,0
DA:132,1
FN:160,System.Void EcommerceInformatica.Application.Services.ProductService/<UpdateAsync>d__12::MoveNext()
FNDA:2,System.Void EcommerceInformatica.Application.Services.ProductService/<UpdateAsync>d__12::MoveNext()
DA:161,2
DA:163,2
DA:164,2
DA:166,2
DA:167,2
DA:168,1
DA:169,1
DA:172,1
DA:173,1
DA:174,1
DA:176,1
DA:177,1
DA:178,1
DA:179,1
DA:180,1
DA:181,1
DA:183,1
BRDA:167,263,0,1
BRDA:167,263,1,1
LF:135
LH:99
BRF:10
BRH:10
FNF:13
FNH:13
end_of_record
SF:/modernize-data/studio-data/TNT1001/APP2895/transformed-code/980/studio-workspace/Ecommerce-Informatica/src/EcommerceInformatica.Application/Services/ProvinceService.cs
FN:12,EcommerceInformatica.Domain.Interfaces.Repositories.IRepository`1<EcommerceInformatica.Domain.Entities.Province> EcommerceInformatica.Application.Services.ProvinceService::get_Repository()
FNDA:0,EcommerceInformatica.Domain.Interfaces.Repositories.IRepository`1<EcommerceInformatica.Domain.Entities.Province> EcommerceInformatica.Application.Services.ProvinceService::get_Repository()
DA:13,0
FN:10,System.Void EcommerceInformatica.Application.Services.ProvinceService::.ctor(EcommerceInformatica.Domain.Interfaces.Repositories.IUnitOfWork,Microsoft.Extensions.Logging.ILogger`1<EcommerceInformatica.Application.Services.ProvinceService>)
FNDA:0,System.Void EcommerceInformatica.Application.Services.ProvinceService::.ctor(EcommerceInformatica.Domain.Interfaces.Repositories.IUnitOfWork,Microsoft.Extensions.Logging.ILogger`1<EcommerceInformatica.Application.Services.ProvinceService>)
DA:11,0
FN:29,System.Void EcommerceInformatica.Application.Services.ProvinceService/<GetActiveProvincesAsync>d__4::MoveNext()
FNDA:0,System.Void EcommerceInformatica.Application.Services.ProvinceService/<GetActiveProvincesAsync>d__4::MoveNext()
DA:30,0
DA:32,0
DA:33,0
DA:34,0
DA:36,0
DA:37,0
DA:38,0
DA:39,0
DA:41,0
FN:15,System.Void EcommerceInformatica.Application.Services.ProvinceService/<GetByNameAsync>d__3::MoveNext()
FNDA:0,System.Void EcommerceInformatica.Application.Services.ProvinceService/<GetByNameAsync>d__3::MoveNext()
DA:16,0
DA:18,0
DA:19,0
DA:20,0
DA:22,0
DA:23,0
DA:24,0
DA:25,0
DA:27,0
FN:43,System.Void EcommerceInformatica.Application.Services.ProvinceService/<GetProvincesWithCitiesAsync>d__5::MoveNext()
FNDA:0,System.Void EcommerceInformatica.Application.Services.ProvinceService/<GetProvincesWithCitiesAsync>d__5::MoveNext()
DA:44,0
DA:46,0
DA:47,0
DA:48,0
DA:50,0
DA:51,0
DA:52,0
DA:53,0
DA:55,0
LF:29
LH:0
BRF:0
BRH:0
FNF:5
FNH:0
end_of_record
SF:/modernize-data/studio-data/TNT1001/APP2895/transformed-code/980/studio-workspace/Ecommerce-Informatica/src/EcommerceInformatica.Application/Services/SupplierService.cs
FN:12,EcommerceInformatica.Domain.Interfaces.Repositories.IRepository`1<EcommerceInformatica.Domain.Entities.Supplier> EcommerceInformatica.Application.Services.SupplierService::get_Repository()
FNDA:0,EcommerceInformatica.Domain.Interfaces.Repositories.IRepository`1<EcommerceInformatica.Domain.Entities.Supplier> EcommerceInformatica.Application.Services.SupplierService::get_Repository()
DA:13,0
FN:10,System.Void EcommerceInformatica.Application.Services.SupplierService::.ctor(EcommerceInformatica.Domain.Interfaces.Repositories.IUnitOfWork,Microsoft.Extensions.Logging.ILogger`1<EcommerceInformatica.Application.Services.SupplierService>)
FNDA:0,System.Void EcommerceInformatica.Application.Services.SupplierService::.ctor(EcommerceInformatica.Domain.Interfaces.Repositories.IUnitOfWork,Microsoft.Extensions.Logging.ILogger`1<EcommerceInformatica.Application.Services.SupplierService>)
DA:11,0
FN:29,System.Void EcommerceInformatica.Application.Services.SupplierService/<GetActiveSuppliersAsync>d__4::MoveNext()
FNDA:0,System.Void EcommerceInformatica.Application.Services.SupplierService/<GetActiveSuppliersAsync>d__4::MoveNext()
DA:30,0
DA:32,0
DA:33,0
DA:34,0
DA:36,0
DA:37,0
DA:38,0
DA:39,0
DA:41,0
FN:15,System.Void EcommerceInformatica.Application.Services.SupplierService/<GetByNameAsync>d__3::MoveNext()
FNDA:0,System.Void EcommerceInformatica.Application.Services.SupplierService/<GetByNameAsync>d__3::MoveNext()
DA:16,0
DA:18,0
DA:19,0
DA:20,0
DA:22,0
DA:23,0
DA:24,0
DA:25,0
DA:27,0
FN:43,System.Void EcommerceInformatica.Application.Services.SupplierService/<GetSuppliersWithProductsAsync>d__5::MoveNext()
FNDA:0,System.Void EcommerceInformatica.Application.Services.SupplierService/<GetSuppliersWithProductsAsync>d__5::MoveNext()
DA:44,0
DA:46,0
DA:47,0
DA:48,0
DA:50,0
DA:51,0
DA:52,0
DA:53,0
DA:55,0
LF:29
LH:0
BRF:0
BRH:0
FNF:5
FNH:0
end_of_record
SF:/modernize-data/studio-data/TNT1001/APP2895/transformed-code/980/studio-workspace/Ecommerce-Informatica/src/EcommerceInformatica.Application/Mappings/MappingProfile.cs
FN:11,System.Void EcommerceInformatica.Application.Mappings.MappingProfile::.ctor()
FNDA:0,System.Void EcommerceInformatica.Application.Mappings.MappingProfile::.ctor()
DA:12,0
DA:13,0
DA:15,0
DA:16,0
DA:17,0
DA:18,0
DA:20,0
DA:21,0
DA:22,0
DA:23,0
DA:24,0
DA:25,0
DA:26,0
DA:27,0
DA:28,0
DA:29,0
DA:31,0
DA:32,0
DA:33,0
DA:34,0
DA:35,0
DA:36,0
DA:37,0
DA:38,0
DA:39,0
DA:42,0
DA:43,0
DA:44,0
DA:46,0
DA:47,0
DA:48,0
DA:49,0
DA:50,0
DA:51,0
DA:52,0
DA:53,0
DA:54,0
DA:56,0
DA:57,0
DA:58,0
DA:59,0
DA:60,0
DA:61,0
DA:62,0
DA:63,0
DA:66,0
DA:67,0
DA:68,0
DA:69,0
DA:70,0
DA:71,0
DA:72,0
DA:73,0
DA:75,0
DA:76,0
DA:77,0
DA:78,0
DA:79,0
DA:80,0
DA:83,0
DA:84,0
DA:85,0
DA:86,0
DA:87,0
DA:88,0
DA:89,0
DA:90,0
DA:92,0
DA:93,0
DA:94,0
DA:95,0
DA:96,0
DA:97,0
DA:100,0
DA:101,0
DA:102,0
DA:103,0
DA:104,0
DA:105,0
DA:106,0
DA:107,0
DA:109,0
DA:110,0
DA:111,0
DA:112,0
DA:113,0
DA:114,0
DA:117,0
DA:118,0
DA:119,0
DA:120,0
DA:121,0
DA:122,0
DA:123,0
DA:124,0
DA:126,0
DA:127,0
DA:128,0
DA:129,0
DA:130,0
DA:131,0
DA:134,0
DA:135,0
DA:137,0
DA:138,0
DA:139,0
DA:140,0
DA:141,0
DA:142,0
DA:143,0
DA:144,0
DA:146,0
DA:147,0
DA:148,0
DA:149,0
DA:150,0
DA:151,0
DA:152,0
DA:155,0
DA:156,0
DA:157,0
DA:158,0
DA:160,0
DA:161,0
DA:162,0
DA:163,0
DA:164,0
DA:165,0
DA:166,0
DA:167,0
DA:168,0
DA:170,0
DA:171,0
DA:172,0
DA:173,0
DA:174,0
DA:175,0
DA:176,0
DA:177,0
DA:180,0
DA:181,0
DA:182,0
DA:184,0
DA:185,0
DA:186,0
DA:187,0
DA:188,0
DA:189,0
DA:190,0
DA:191,0
DA:193,0
DA:194,0
DA:195,0
DA:196,0
DA:197,0
DA:198,0
DA:199,0
DA:202,0
DA:203,0
DA:204,0
DA:205,0
DA:206,0
DA:207,0
DA:208,0
DA:209,0
DA:211,0
DA:212,0
DA:213,0
DA:214,0
DA:215,0
DA:216,0
DA:217,0
LF:172
LH:0
BRF:0
BRH:0
FNF:1
FNH:0
end_of_record
SF:/modernize-data/studio-data/TNT1001/APP2895/transformed-code/980/studio-workspace/Ecommerce-Informatica/src/EcommerceInformatica.Application/Extensions/ServiceCollectionExtensions.cs
FN:18,Microsoft.Extensions.DependencyInjection.IServiceCollection EcommerceInformatica.Application.Extensions.ServiceCollectionExtensions::AddApplicationServices(Microsoft.Extensions.DependencyInjection.IServiceCollection)
FNDA:0,Microsoft.Extensions.DependencyInjection.IServiceCollection EcommerceInformatica.Application.Extensions.ServiceCollectionExtensions::AddApplicationServices(Microsoft.Extensions.DependencyInjection.IServiceCollection)
DA:19,0
DA:21,0
DA:24,0
DA:25,0
DA:26,0
DA:27,0
DA:28,0
DA:29,0
DA:30,0
DA:31,0
DA:32,0
DA:33,0
DA:35,0
DA:36,0
LF:14
LH:0
BRF:0
BRH:0
FNF:1
FNH:0
end_of_record
SF:/modernize-data/studio-data/TNT1001/APP2895/transformed-code/980/studio-workspace/Ecommerce-Informatica/src/EcommerceInformatica.Application/DTOs/BrandDto.cs
FN:7,System.Int32 EcommerceInformatica.Application.DTOs.BrandDto::get_Id()
FNDA:0,System.Int32 EcommerceInformatica.Application.DTOs.BrandDto::get_Id()
DA:8,0
FN:8,System.String EcommerceInformatica.Application.DTOs.BrandDto::get_Name()
FNDA:0,System.String EcommerceInformatica.Application.DTOs.BrandDto::get_Name()
DA:9,0
FN:9,System.String EcommerceInformatica.Application.DTOs.BrandDto::get_Description()
FNDA:0,System.String EcommerceInformatica.Application.DTOs.BrandDto::get_Description()
DA:10,0
FN:10,System.Boolean EcommerceInformatica.Application.DTOs.BrandDto::get_IsActive()
FNDA:0,System.Boolean EcommerceInformatica.Application.DTOs.BrandDto::get_IsActive()
DA:11,0
FN:11,System.DateTime EcommerceInformatica.Application.DTOs.BrandDto::get_CreatedDate()
FNDA:0,System.DateTime EcommerceInformatica.Application.DTOs.BrandDto::get_CreatedDate()
DA:12,0
FN:12,System.Nullable`1<System.DateTime> EcommerceInformatica.Application.DTOs.BrandDto::get_ModifiedDate()
FNDA:0,System.Nullable`1<System.DateTime> EcommerceInformatica.Application.DTOs.BrandDto::get_ModifiedDate()
DA:13,0
FN:13,System.String EcommerceInformatica.Application.DTOs.BrandDto::get_CreatedBy()
FNDA:0,System.String EcommerceInformatica.Application.DTOs.BrandDto::get_CreatedBy()
DA:14,0
FN:14,System.String EcommerceInformatica.Application.DTOs.BrandDto::get_ModifiedBy()
FNDA:0,System.String EcommerceInformatica.Application.DTOs.BrandDto::get_ModifiedBy()
DA:15,0
FN:22,System.String EcommerceInformatica.Application.DTOs.BrandCreateDto::get_Name()
FNDA:0,System.String EcommerceInformatica.Application.DTOs.BrandCreateDto::get_Name()
DA:23,0
FN:23,System.String EcommerceInformatica.Application.DTOs.BrandCreateDto::get_Description()
FNDA:0,System.String EcommerceInformatica.Application.DTOs.BrandCreateDto::get_Description()
DA:24,0
FN:24,System.Boolean EcommerceInformatica.Application.DTOs.BrandCreateDto::get_IsActive()
FNDA:0,System.Boolean EcommerceInformatica.Application.DTOs.BrandCreateDto::get_IsActive()
DA:25,0
FN:32,System.Int32 EcommerceInformatica.Application.DTOs.BrandUpdateDto::get_Id()
FNDA:0,System.Int32 EcommerceInformatica.Application.DTOs.BrandUpdateDto::get_Id()
DA:33,0
FN:33,System.String EcommerceInformatica.Application.DTOs.BrandUpdateDto::get_Name()
FNDA:0,System.String EcommerceInformatica.Application.DTOs.BrandUpdateDto::get_Name()
DA:34,0
FN:34,System.String EcommerceInformatica.Application.DTOs.BrandUpdateDto::get_Description()
FNDA:0,System.String EcommerceInformatica.Application.DTOs.BrandUpdateDto::get_Description()
DA:35,0
FN:35,System.Boolean EcommerceInformatica.Application.DTOs.BrandUpdateDto::get_IsActive()
FNDA:0,System.Boolean EcommerceInformatica.Application.DTOs.BrandUpdateDto::get_IsActive()
DA:36,0
LF:15
LH:0
BRF:0
BRH:0
FNF:15
FNH:0
end_of_record
SF:/modernize-data/studio-data/TNT1001/APP2895/transformed-code/980/studio-workspace/Ecommerce-Informatica/src/EcommerceInformatica.Application/DTOs/CategoryDto.cs
FN:7,System.Int32 EcommerceInformatica.Application.DTOs.CategoryDto::get_Id()
FNDA:0,System.Int32 EcommerceInformatica.Application.DTOs.CategoryDto::get_Id()
DA:8,0
FN:8,System.String EcommerceInformatica.Application.DTOs.CategoryDto::get_Name()
FNDA:0,System.String EcommerceInformatica.Application.DTOs.CategoryDto::get_Name()
DA:9,0
FN:9,System.String EcommerceInformatica.Application.DTOs.CategoryDto::get_Description()
FNDA:0,System.String EcommerceInformatica.Application.DTOs.CategoryDto::get_Description()
DA:10,0
FN:10,System.Boolean EcommerceInformatica.Application.DTOs.CategoryDto::get_IsActive()
FNDA:0,System.Boolean EcommerceInformatica.Application.DTOs.CategoryDto::get_IsActive()
DA:11,0
FN:11,System.DateTime EcommerceInformatica.Application.DTOs.CategoryDto::get_CreatedDate()
FNDA:0,System.DateTime EcommerceInformatica.Application.DTOs.CategoryDto::get_CreatedDate()
DA:12,0
FN:12,System.Nullable`1<System.DateTime> EcommerceInformatica.Application.DTOs.CategoryDto::get_ModifiedDate()
FNDA:0,System.Nullable`1<System.DateTime> EcommerceInformatica.Application.DTOs.CategoryDto::get_ModifiedDate()
DA:13,0
FN:13,System.String EcommerceInformatica.Application.DTOs.CategoryDto::get_CreatedBy()
FNDA:0,System.String EcommerceInformatica.Application.DTOs.CategoryDto::get_CreatedBy()
DA:14,0
FN:14,System.String EcommerceInformatica.Application.DTOs.CategoryDto::get_ModifiedBy()
FNDA:0,System.String EcommerceInformatica.Application.DTOs.CategoryDto::get_ModifiedBy()
DA:15,0
FN:22,System.String EcommerceInformatica.Application.DTOs.CategoryCreateDto::get_Name()
FNDA:0,System.String EcommerceInformatica.Application.DTOs.CategoryCreateDto::get_Name()
DA:23,0
FN:23,System.String EcommerceInformatica.Application.DTOs.CategoryCreateDto::get_Description()
FNDA:0,System.String EcommerceInformatica.Application.DTOs.CategoryCreateDto::get_Description()
DA:24,0
FN:24,System.Boolean EcommerceInformatica.Application.DTOs.CategoryCreateDto::get_IsActive()
FNDA:0,System.Boolean EcommerceInformatica.Application.DTOs.CategoryCreateDto::get_IsActive()
DA:25,0
FN:32,System.Int32 EcommerceInformatica.Application.DTOs.CategoryUpdateDto::get_Id()
FNDA:0,System.Int32 EcommerceInformatica.Application.DTOs.CategoryUpdateDto::get_Id()
DA:33,0
FN:33,System.String EcommerceInformatica.Application.DTOs.CategoryUpdateDto::get_Name()
FNDA:0,System.String EcommerceInformatica.Application.DTOs.CategoryUpdateDto::get_Name()
DA:34,0
FN:34,System.String EcommerceInformatica.Application.DTOs.CategoryUpdateDto::get_Description()
FNDA:0,System.String EcommerceInformatica.Application.DTOs.CategoryUpdateDto::get_Description()
DA:35,0
FN:35,System.Boolean EcommerceInformatica.Application.DTOs.CategoryUpdateDto::get_IsActive()
FNDA:0,System.Boolean EcommerceInformatica.Application.DTOs.CategoryUpdateDto::get_IsActive()
DA:36,0
LF:15
LH:0
BRF:0
BRH:0
FNF:15
FNH:0
end_of_record
SF:/modernize-data/studio-data/TNT1001/APP2895/transformed-code/980/studio-workspace/Ecommerce-Informatica/src/EcommerceInformatica.Application/DTOs/CityDto.cs
FN:7,System.Int32 EcommerceInformatica.Application.DTOs.CityDto::get_Id()
FNDA:0,System.Int32 EcommerceInformatica.Application.DTOs.CityDto::get_Id()
DA:8,0
FN:8,System.String EcommerceInformatica.Application.DTOs.CityDto::get_Name()
FNDA:0,System.String EcommerceInformatica.Application.DTOs.CityDto::get_Name()
DA:9,0
FN:9,System.Int32 EcommerceInformatica.Application.DTOs.CityDto::get_ProvinceId()
FNDA:0,System.Int32 EcommerceInformatica.Application.DTOs.CityDto::get_ProvinceId()
DA:10,0
FN:10,System.String EcommerceInformatica.Application.DTOs.CityDto::get_ProvinceName()
FNDA:0,System.String EcommerceInformatica.Application.DTOs.CityDto::get_ProvinceName()
DA:11,0
FN:11,System.Boolean EcommerceInformatica.Application.DTOs.CityDto::get_IsActive()
FNDA:0,System.Boolean EcommerceInformatica.Application.DTOs.CityDto::get_IsActive()
DA:12,0
FN:12,System.DateTime EcommerceInformatica.Application.DTOs.CityDto::get_CreatedDate()
FNDA:0,System.DateTime EcommerceInformatica.Application.DTOs.CityDto::get_CreatedDate()
DA:13,0
FN:13,System.Nullable`1<System.DateTime> EcommerceInformatica.Application.DTOs.CityDto::get_ModifiedDate()
FNDA:0,System.Nullable`1<System.DateTime> EcommerceInformatica.Application.DTOs.CityDto::get_ModifiedDate()
DA:14,0
FN:14,System.String EcommerceInformatica.Application.DTOs.CityDto::get_CreatedBy()
FNDA:0,System.String EcommerceInformatica.Application.DTOs.CityDto::get_CreatedBy()
DA:15,0
FN:15,System.String EcommerceInformatica.Application.DTOs.CityDto::get_ModifiedBy()
FNDA:0,System.String EcommerceInformatica.Application.DTOs.CityDto::get_ModifiedBy()
DA:16,0
FN:23,System.String EcommerceInformatica.Application.DTOs.CityCreateDto::get_Name()
FNDA:0,System.String EcommerceInformatica.Application.DTOs.CityCreateDto::get_Name()
DA:24,0
FN:24,System.Int32 EcommerceInformatica.Application.DTOs.CityCreateDto::get_ProvinceId()
FNDA:0,System.Int32 EcommerceInformatica.Application.DTOs.CityCreateDto::get_ProvinceId()
DA:25,0
FN:25,System.Boolean EcommerceInformatica.Application.DTOs.CityCreateDto::get_IsActive()
FNDA:0,System.Boolean EcommerceInformatica.Application.DTOs.CityCreateDto::get_IsActive()
DA:26,0
FN:33,System.Int32 EcommerceInformatica.Application.DTOs.CityUpdateDto::get_Id()
FNDA:0,System.Int32 EcommerceInformatica.Application.DTOs.CityUpdateDto::get_Id()
DA:34,0
FN:34,System.String EcommerceInformatica.Application.DTOs.CityUpdateDto::get_Name()
FNDA:0,System.String EcommerceInformatica.Application.DTOs.CityUpdateDto::get_Name()
DA:35,0
FN:35,System.Int32 EcommerceInformatica.Application.DTOs.CityUpdateDto::get_ProvinceId()
FNDA:0,System.Int32 EcommerceInformatica.Application.DTOs.CityUpdateDto::get_ProvinceId()
DA:36,0
FN:36,System.Boolean EcommerceInformatica.Application.DTOs.CityUpdateDto::get_IsActive()
FNDA:0,System.Boolean EcommerceInformatica.Application.DTOs.CityUpdateDto::get_IsActive()
DA:37,0
LF:16
LH:0
BRF:0
BRH:0
FNF:16
FNH:0
end_of_record
SF:/modernize-data/studio-data/TNT1001/APP2895/transformed-code/980/studio-workspace/Ecommerce-Informatica/src/EcommerceInformatica.Application/DTOs/InvoiceDetailDto.cs
FN:7,System.Int32 EcommerceInformatica.Application.DTOs.InvoiceDetailDto::get_Id()
FNDA:0,System.Int32 EcommerceInformatica.Application.DTOs.InvoiceDetailDto::get_Id()
DA:8,0
FN:8,System.Int32 EcommerceInformatica.Application.DTOs.InvoiceDetailDto::get_InvoiceId()
FNDA:0,System.Int32 EcommerceInformatica.Application.DTOs.InvoiceDetailDto::get_InvoiceId()
DA:9,0
FN:9,System.String EcommerceInformatica.Application.DTOs.InvoiceDetailDto::get_InvoiceNumber()
FNDA:0,System.String EcommerceInformatica.Application.DTOs.InvoiceDetailDto::get_InvoiceNumber()
DA:10,0
FN:10,System.Int32 EcommerceInformatica.Application.DTOs.InvoiceDetailDto::get_ProductId()
FNDA:0,System.Int32 EcommerceInformatica.Application.DTOs.InvoiceDetailDto::get_ProductId()
DA:11,0
FN:11,System.String EcommerceInformatica.Application.DTOs.InvoiceDetailDto::get_ProductName()
FNDA:0,System.String EcommerceInformatica.Application.DTOs.InvoiceDetailDto::get_ProductName()
DA:12,0
FN:12,System.Int32 EcommerceInformatica.Application.DTOs.InvoiceDetailDto::get_Quantity()
FNDA:0,System.Int32 EcommerceInformatica.Application.DTOs.InvoiceDetailDto::get_Quantity()
DA:13,0
FN:13,System.Decimal EcommerceInformatica.Application.DTOs.InvoiceDetailDto::get_UnitPrice()
FNDA:0,System.Decimal EcommerceInformatica.Application.DTOs.InvoiceDetailDto::get_UnitPrice()
DA:14,0
FN:14,System.Decimal EcommerceInformatica.Application.DTOs.InvoiceDetailDto::get_Subtotal()
FNDA:0,System.Decimal EcommerceInformatica.Application.DTOs.InvoiceDetailDto::get_Subtotal()
DA:15,0
FN:15,System.Boolean EcommerceInformatica.Application.DTOs.InvoiceDetailDto::get_IsActive()
FNDA:0,System.Boolean EcommerceInformatica.Application.DTOs.InvoiceDetailDto::get_IsActive()
DA:16,0
FN:16,System.DateTime EcommerceInformatica.Application.DTOs.InvoiceDetailDto::get_CreatedDate()
FNDA:0,System.DateTime EcommerceInformatica.Application.DTOs.InvoiceDetailDto::get_CreatedDate()
DA:17,0
FN:17,System.Nullable`1<System.DateTime> EcommerceInformatica.Application.DTOs.InvoiceDetailDto::get_ModifiedDate()
FNDA:0,System.Nullable`1<System.DateTime> EcommerceInformatica.Application.DTOs.InvoiceDetailDto::get_ModifiedDate()
DA:18,0
FN:18,System.String EcommerceInformatica.Application.DTOs.InvoiceDetailDto::get_CreatedBy()
FNDA:0,System.String EcommerceInformatica.Application.DTOs.InvoiceDetailDto::get_CreatedBy()
DA:19,0
FN:19,System.String EcommerceInformatica.Application.DTOs.InvoiceDetailDto::get_ModifiedBy()
FNDA:0,System.String EcommerceInformatica.Application.DTOs.InvoiceDetailDto::get_ModifiedBy()
DA:20,0
FN:27,System.Int32 EcommerceInformatica.Application.DTOs.InvoiceDetailCreateDto::get_InvoiceId()
FNDA:0,System.Int32 EcommerceInformatica.Application.DTOs.InvoiceDetailCreateDto::get_InvoiceId()
DA:28,0
FN:28,System.Int32 EcommerceInformatica.Application.DTOs.InvoiceDetailCreateDto::get_ProductId()
FNDA:0,System.Int32 EcommerceInformatica.Application.DTOs.InvoiceDetailCreateDto::get_ProductId()
DA:29,0
FN:29,System.Int32 EcommerceInformatica.Application.DTOs.InvoiceDetailCreateDto::get_Quantity()
FNDA:0,System.Int32 EcommerceInformatica.Application.DTOs.InvoiceDetailCreateDto::get_Quantity()
DA:30,0
FN:30,System.Decimal EcommerceInformatica.Application.DTOs.InvoiceDetailCreateDto::get_UnitPrice()
FNDA:0,System.Decimal EcommerceInformatica.Application.DTOs.InvoiceDetailCreateDto::get_UnitPrice()
DA:31,0
FN:31,System.Decimal EcommerceInformatica.Application.DTOs.InvoiceDetailCreateDto::get_Subtotal()
FNDA:0,System.Decimal EcommerceInformatica.Application.DTOs.InvoiceDetailCreateDto::get_Subtotal()
DA:32,0
FN:32,System.Boolean EcommerceInformatica.Application.DTOs.InvoiceDetailCreateDto::get_IsActive()
FNDA:0,System.Boolean EcommerceInformatica.Application.DTOs.InvoiceDetailCreateDto::get_IsActive()
DA:33,0
FN:40,System.Int32 EcommerceInformatica.Application.DTOs.InvoiceDetailUpdateDto::get_Id()
FNDA:0,System.Int32 EcommerceInformatica.Application.DTOs.InvoiceDetailUpdateDto::get_Id()
DA:41,0
FN:41,System.Int32 EcommerceInformatica.Application.DTOs.InvoiceDetailUpdateDto::get_InvoiceId()
FNDA:0,System.Int32 EcommerceInformatica.Application.DTOs.InvoiceDetailUpdateDto::get_InvoiceId()
DA:42,0
FN:42,System.Int32 EcommerceInformatica.Application.DTOs.InvoiceDetailUpdateDto::get_ProductId()
FNDA:0,System.Int32 EcommerceInformatica.Application.DTOs.InvoiceDetailUpdateDto::get_ProductId()
DA:43,0
FN:43,System.Int32 EcommerceInformatica.Application.DTOs.InvoiceDetailUpdateDto::get_Quantity()
FNDA:0,System.Int32 EcommerceInformatica.Application.DTOs.InvoiceDetailUpdateDto::get_Quantity()
DA:44,0
FN:44,System.Decimal EcommerceInformatica.Application.DTOs.InvoiceDetailUpdateDto::get_UnitPrice()
FNDA:0,System.Decimal EcommerceInformatica.Application.DTOs.InvoiceDetailUpdateDto::get_UnitPrice()
DA:45,0
FN:45,System.Decimal EcommerceInformatica.Application.DTOs.InvoiceDetailUpdateDto::get_Subtotal()
FNDA:0,System.Decimal EcommerceInformatica.Application.DTOs.InvoiceDetailUpdateDto::get_Subtotal()
DA:46,0
FN:46,System.Boolean EcommerceInformatica.Application.DTOs.InvoiceDetailUpdateDto::get_IsActive()
FNDA:0,System.Boolean EcommerceInformatica.Application.DTOs.InvoiceDetailUpdateDto::get_IsActive()
DA:47,0
LF:26
LH:0
BRF:0
BRH:0
FNF:26
FNH:0
end_of_record
SF:/modernize-data/studio-data/TNT1001/APP2895/transformed-code/980/studio-workspace/Ecommerce-Informatica/src/EcommerceInformatica.Application/DTOs/InvoiceDto.cs
FN:7,System.Int32 EcommerceInformatica.Application.DTOs.InvoiceDto::get_Id()
FNDA:0,System.Int32 EcommerceInformatica.Application.DTOs.InvoiceDto::get_Id()
DA:8,0
FN:8,System.String EcommerceInformatica.Application.DTOs.InvoiceDto::get_InvoiceNumber()
FNDA:0,System.String EcommerceInformatica.Application.DTOs.InvoiceDto::get_InvoiceNumber()
DA:9,0
FN:9,System.Int32 EcommerceInformatica.Application.DTOs.InvoiceDto::get_PersonId()
FNDA:0,System.Int32 EcommerceInformatica.Application.DTOs.InvoiceDto::get_PersonId()
DA:10,0
FN:10,System.String EcommerceInformatica.Application.DTOs.InvoiceDto::get_PersonName()
FNDA:0,System.String EcommerceInformatica.Application.DTOs.InvoiceDto::get_PersonName()
DA:11,0
FN:11,System.Int32 EcommerceInformatica.Application.DTOs.InvoiceDto::get_PaymentMethodId()
FNDA:0,System.Int32 EcommerceInformatica.Application.DTOs.InvoiceDto::get_PaymentMethodId()
DA:12,0
FN:12,System.String EcommerceInformatica.Application.DTOs.InvoiceDto::get_PaymentMethodName()
FNDA:0,System.String EcommerceInformatica.Application.DTOs.InvoiceDto::get_PaymentMethodName()
DA:13,0
FN:13,System.DateTime EcommerceInformatica.Application.DTOs.InvoiceDto::get_InvoiceDate()
FNDA:0,System.DateTime EcommerceInformatica.Application.DTOs.InvoiceDto::get_InvoiceDate()
DA:14,0
FN:14,System.Decimal EcommerceInformatica.Application.DTOs.InvoiceDto::get_TotalAmount()
FNDA:0,System.Decimal EcommerceInformatica.Application.DTOs.InvoiceDto::get_TotalAmount()
DA:15,0
FN:15,System.Boolean EcommerceInformatica.Application.DTOs.InvoiceDto::get_IsActive()
FNDA:0,System.Boolean EcommerceInformatica.Application.DTOs.InvoiceDto::get_IsActive()
DA:16,0
FN:16,System.DateTime EcommerceInformatica.Application.DTOs.InvoiceDto::get_CreatedDate()
FNDA:0,System.DateTime EcommerceInformatica.Application.DTOs.InvoiceDto::get_CreatedDate()
DA:17,0
FN:17,System.Nullable`1<System.DateTime> EcommerceInformatica.Application.DTOs.InvoiceDto::get_ModifiedDate()
FNDA:0,System.Nullable`1<System.DateTime> EcommerceInformatica.Application.DTOs.InvoiceDto::get_ModifiedDate()
DA:18,0
FN:18,System.String EcommerceInformatica.Application.DTOs.InvoiceDto::get_CreatedBy()
FNDA:0,System.String EcommerceInformatica.Application.DTOs.InvoiceDto::get_CreatedBy()
DA:19,0
FN:19,System.String EcommerceInformatica.Application.DTOs.InvoiceDto::get_ModifiedBy()
FNDA:0,System.String EcommerceInformatica.Application.DTOs.InvoiceDto::get_ModifiedBy()
DA:20,0
FN:20,System.Collections.Generic.List`1<EcommerceInformatica.Application.DTOs.InvoiceDetailDto> EcommerceInformatica.Application.DTOs.InvoiceDto::get_InvoiceDetails()
FNDA:0,System.Collections.Generic.List`1<EcommerceInformatica.Application.DTOs.InvoiceDetailDto> EcommerceInformatica.Application.DTOs.InvoiceDto::get_InvoiceDetails()
DA:21,0
FN:28,System.String EcommerceInformatica.Application.DTOs.InvoiceCreateDto::get_InvoiceNumber()
FNDA:0,System.String EcommerceInformatica.Application.DTOs.InvoiceCreateDto::get_InvoiceNumber()
DA:29,0
FN:29,System.Int32 EcommerceInformatica.Application.DTOs.InvoiceCreateDto::get_PersonId()
FNDA:0,System.Int32 EcommerceInformatica.Application.DTOs.InvoiceCreateDto::get_PersonId()
DA:30,0
FN:30,System.Int32 EcommerceInformatica.Application.DTOs.InvoiceCreateDto::get_PaymentMethodId()
FNDA:0,System.Int32 EcommerceInformatica.Application.DTOs.InvoiceCreateDto::get_PaymentMethodId()
DA:31,0
FN:31,System.DateTime EcommerceInformatica.Application.DTOs.InvoiceCreateDto::get_InvoiceDate()
FNDA:0,System.DateTime EcommerceInformatica.Application.DTOs.InvoiceCreateDto::get_InvoiceDate()
DA:32,0
FN:32,System.Decimal EcommerceInformatica.Application.DTOs.InvoiceCreateDto::get_TotalAmount()
FNDA:0,System.Decimal EcommerceInformatica.Application.DTOs.InvoiceCreateDto::get_TotalAmount()
DA:33,0
FN:33,System.Boolean EcommerceInformatica.Application.DTOs.InvoiceCreateDto::get_IsActive()
FNDA:0,System.Boolean EcommerceInformatica.Application.DTOs.InvoiceCreateDto::get_IsActive()
DA:34,0
FN:34,System.Collections.Generic.List`1<EcommerceInformatica.Application.DTOs.InvoiceDetailCreateDto> EcommerceInformatica.Application.DTOs.InvoiceCreateDto::get_InvoiceDetails()
FNDA:0,System.Collections.Generic.List`1<EcommerceInformatica.Application.DTOs.InvoiceDetailCreateDto> EcommerceInformatica.Application.DTOs.InvoiceCreateDto::get_InvoiceDetails()
DA:35,0
FN:42,System.Int32 EcommerceInformatica.Application.DTOs.InvoiceUpdateDto::get_Id()
FNDA:0,System.Int32 EcommerceInformatica.Application.DTOs.InvoiceUpdateDto::get_Id()
DA:43,0
FN:43,System.String EcommerceInformatica.Application.DTOs.InvoiceUpdateDto::get_InvoiceNumber()
FNDA:0,System.String EcommerceInformatica.Application.DTOs.InvoiceUpdateDto::get_InvoiceNumber()
DA:44,0
FN:44,System.Int32 EcommerceInformatica.Application.DTOs.InvoiceUpdateDto::get_PersonId()
FNDA:0,System.Int32 EcommerceInformatica.Application.DTOs.InvoiceUpdateDto::get_PersonId()
DA:45,0
FN:45,System.Int32 EcommerceInformatica.Application.DTOs.InvoiceUpdateDto::get_PaymentMethodId()
FNDA:0,System.Int32 EcommerceInformatica.Application.DTOs.InvoiceUpdateDto::get_PaymentMethodId()
DA:46,0
FN:46,System.DateTime EcommerceInformatica.Application.DTOs.InvoiceUpdateDto::get_InvoiceDate()
FNDA:0,System.DateTime EcommerceInformatica.Application.DTOs.InvoiceUpdateDto::get_InvoiceDate()
DA:47,0
FN:47,System.Decimal EcommerceInformatica.Application.DTOs.InvoiceUpdateDto::get_TotalAmount()
FNDA:0,System.Decimal EcommerceInformatica.Application.DTOs.InvoiceUpdateDto::get_TotalAmount()
DA:48,0
FN:48,System.Boolean EcommerceInformatica.Application.DTOs.InvoiceUpdateDto::get_IsActive()
FNDA:0,System.Boolean EcommerceInformatica.Application.DTOs.InvoiceUpdateDto::get_IsActive()
DA:49,0
LF:28
LH:0
BRF:0
BRH:0
FNF:28
FNH:0
end_of_record
SF:/modernize-data/studio-data/TNT1001/APP2895/transformed-code/980/studio-workspace/Ecommerce-Informatica/src/EcommerceInformatica.Application/DTOs/PaymentMethodDto.cs
FN:7,System.Int32 EcommerceInformatica.Application.DTOs.PaymentMethodDto::get_Id()
FNDA:0,System.Int32 EcommerceInformatica.Application.DTOs.PaymentMethodDto::get_Id()
DA:8,0
FN:8,System.String EcommerceInformatica.Application.DTOs.PaymentMethodDto::get_Name()
FNDA:0,System.String EcommerceInformatica.Application.DTOs.PaymentMethodDto::get_Name()
DA:9,0
FN:9,System.String EcommerceInformatica.Application.DTOs.PaymentMethodDto::get_Description()
FNDA:0,System.String EcommerceInformatica.Application.DTOs.PaymentMethodDto::get_Description()
DA:10,0
FN:10,System.Boolean EcommerceInformatica.Application.DTOs.PaymentMethodDto::get_IsActive()
FNDA:0,System.Boolean EcommerceInformatica.Application.DTOs.PaymentMethodDto::get_IsActive()
DA:11,0
FN:11,System.DateTime EcommerceInformatica.Application.DTOs.PaymentMethodDto::get_CreatedDate()
FNDA:0,System.DateTime EcommerceInformatica.Application.DTOs.PaymentMethodDto::get_CreatedDate()
DA:12,0
FN:12,System.Nullable`1<System.DateTime> EcommerceInformatica.Application.DTOs.PaymentMethodDto::get_ModifiedDate()
FNDA:0,System.Nullable`1<System.DateTime> EcommerceInformatica.Application.DTOs.PaymentMethodDto::get_ModifiedDate()
DA:13,0
FN:13,System.String EcommerceInformatica.Application.DTOs.PaymentMethodDto::get_CreatedBy()
FNDA:0,System.String EcommerceInformatica.Application.DTOs.PaymentMethodDto::get_CreatedBy()
DA:14,0
FN:14,System.String EcommerceInformatica.Application.DTOs.PaymentMethodDto::get_ModifiedBy()
FNDA:0,System.String EcommerceInformatica.Application.DTOs.PaymentMethodDto::get_ModifiedBy()
DA:15,0
FN:22,System.String EcommerceInformatica.Application.DTOs.PaymentMethodCreateDto::get_Name()
FNDA:0,System.String EcommerceInformatica.Application.DTOs.PaymentMethodCreateDto::get_Name()
DA:23,0
FN:23,System.String EcommerceInformatica.Application.DTOs.PaymentMethodCreateDto::get_Description()
[...]
FN:7,System.Int32 EcommerceInformatica.Application.DTOs.PersonDto::get_Id()
FNDA:0,System.Int32 EcommerceInformatica.Application.DTOs.PersonDto::get_Id()
DA:8,0
FN:8,System.String EcommerceInformatica.Application.DTOs.PersonDto::get_FirstName()
FNDA:0,System.String EcommerceInformatica.Application.DTOs.PersonDto::get_FirstName()
DA:9,0
FN:9,System.String EcommerceInformatica.Application.DTOs.PersonDto::get_LastName()
FNDA:0,System.String EcommerceInformatica.Application.DTOs.PersonDto::get_LastName()
DA:10,0
FN:10,System.String EcommerceInformatica.Application.DTOs.PersonDto::get_Email()
FNDA:0,System.String EcommerceInformatica.Application.DTOs.PersonDto::get_Email()
DA:11,0
FN:11,System.String EcommerceInformatica.Application.DTOs.PersonDto::get_Phone()
FNDA:0,System.String EcommerceInformatica.Application.DTOs.PersonDto::get_Phone()
DA:12,0
FN:12,System.String EcommerceInformatica.Application.DTOs.PersonDto::get_Address()
FNDA:0,System.String EcommerceInformatica.Application.DTOs.PersonDto::get_Address()
DA:13,0
FN:13,System.Nullable`1<System.Int32> EcommerceInformatica.Application.DTOs.PersonDto::get_CityId()
FNDA:0,System.Nullable`1<System.Int32> EcommerceInformatica.Application.DTOs.PersonDto::get_CityId()
DA:14,0
FN:14,System.String EcommerceInformatica.Application.DTOs.PersonDto::get_CityName()
FNDA:0,System.String EcommerceInformatica.Application.DTOs.PersonDto::get_CityName()
DA:15,0
FN:15,System.String EcommerceInformatica.Application.DTOs.PersonDto::get_ProvinceName()
FNDA:0,System.String EcommerceInformatica.Application.DTOs.PersonDto::get_ProvinceName()
DA:16,0
FN:16,System.String EcommerceInformatica.Application.DTOs.PersonDto::get_Username()
FNDA:0,System.String EcommerceInformatica.Application.DTOs.PersonDto::get_Username()
DA:17,0
FN:17,System.Boolean EcommerceInformatica.Application.DTOs.PersonDto::get_IsActive()
FNDA:0,System.Boolean EcommerceInformatica.Application.DTOs.PersonDto::get_IsActive()
DA:18,0
FN:18,System.DateTime EcommerceInformatica.Application.DTOs.PersonDto::get_CreatedDate()
FNDA:0,System.DateTime EcommerceInformatica.Application.DTOs.PersonDto::get_CreatedDate()
DA:19,0
FN:19,System.Nullable`1<System.DateTime> EcommerceInformatica.Application.DTOs.PersonDto::get_ModifiedDate()
FNDA:0,System.Nullable`1<System.DateTime> EcommerceInformatica.Application.DTOs.PersonDto::get_ModifiedDate()
DA:20,0
FN:20,System.String EcommerceInformatica.Application.DTOs.PersonDto::get_CreatedBy()
FNDA:0,System.String EcommerceInformatica.Application.DTOs.PersonDto::get_CreatedBy()
DA:21,0
FN:21,System.String EcommerceInformatica.Application.DTOs.PersonDto::get_ModifiedBy()
FNDA:0,System.String EcommerceInformatica.Application.DTOs.PersonDto::get_ModifiedBy()
DA:22,0
FN:29,System.String EcommerceInformatica.Application.DTOs.PersonCreateDto::get_FirstName()
FNDA:0,System.String EcommerceInformatica.Application.DTOs.PersonCreateDto::get_FirstName()
DA:30,0
FN:30,System.String EcommerceInformatica.Application.DTOs.PersonCreateDto::get_LastName()
FNDA:0,System.String EcommerceInformatica.Application.DTOs.PersonCreateDto::get_LastName()
DA:31,0
FN:31,System.String EcommerceInformatica.Application.DTOs.PersonCreateDto::get_Email()
FNDA:0,System.String EcommerceInformatica.Application.DTOs.PersonCreateDto::get_Email()
DA:32,0
FN:32,System.String EcommerceInformatica.Application.DTOs.PersonCreateDto::get_Phone()
FNDA:0,System.String EcommerceInformatica.Application.DTOs.PersonCreateDto::get_Phone()
DA:33,0
FN:33,System.String EcommerceInformatica.Application.DTOs.PersonCreateDto::get_Address()
FNDA:0,System.String EcommerceInformatica.Application.DTOs.PersonCreateDto::get_Address()
DA:34,0
FN:34,System.Nullable`1<System.Int32> EcommerceInformatica.Application.DTOs.PersonCreateDto::get_CityId()
FNDA:0,System.Nullable`1<System.Int32> EcommerceInformatica.Application.DTOs.PersonCreateDto::get_CityId()
DA:35,0
FN:35,System.String EcommerceInformatica.Application.DTOs.PersonCreateDto::get_Username()
FNDA:0,System.String EcommerceInformatica.Application.DTOs.PersonCreateDto::get_Username()
DA:36,0
FN:36,System.String EcommerceInformatica.Application.DTOs.PersonCreateDto::get_Password()
FNDA:0,System.String EcommerceInformatica.Application.DTOs.PersonCreateDto::get_Password()
DA:37,0
FN:37,System.Boolean EcommerceInformatica.Application.DTOs.PersonCreateDto::get_IsActive()
FNDA:0,System.Boolean EcommerceInformatica.Application.DTOs.PersonCreateDto::get_IsActive()
DA:38,0
FN:45,System.Int32 EcommerceInformatica.Application.DTOs.PersonUpdateDto::get_Id()
FNDA:0,System.Int32 EcommerceInformatica.Application.DTOs.PersonUpdateDto::get_Id()
DA:46,0
FN:46,System.String EcommerceInformatica.Application.DTOs.PersonUpdateDto::get_FirstName()
FNDA:0,System.String EcommerceInformatica.Application.DTOs.PersonUpdateDto::get_FirstName()
DA:47,0
FN:47,System.String EcommerceInformatica.Application.DTOs.PersonUpdateDto::get_LastName()
FNDA:0,System.String EcommerceInformatica.Application.DTOs.PersonUpdateDto::get_LastName()
DA:48,0
FN:48,System.String EcommerceInformatica.Application.DTOs.PersonUpdateDto::get_Email()
FNDA:0,System.String EcommerceInformatica.Application.DTOs.PersonUpdateDto::get_Email()
DA:49,0
FN:49,System.String EcommerceInformatica.Application.DTOs.PersonUpdateDto::get_Phone()
FNDA:0,System.String EcommerceInformatica.Application.DTOs.PersonUpdateDto::get_Phone()
DA:50,0
FN:50,System.String EcommerceInformatica.Application.DTOs.PersonUpdateDto::get_Address()
FNDA:0,System.String EcommerceInformatica.Application.DTOs.PersonUpdateDto::get_Address()
DA:51,0
FN:51,System.Nullable`1<System.Int32> EcommerceInformatica.Application.DTOs.PersonUpdateDto::get_CityId()
FNDA:0,System.Nullable`1<System.Int32> EcommerceInformatica.Application.DTOs.PersonUpdateDto::get_CityId()
DA:52,0
FN:52,System.String EcommerceInformatica.Application.DTOs.PersonUpdateDto::get_Username()
FNDA:0,System.String EcommerceInformatica.Application.DTOs.PersonUpdateDto::get_Username()
DA:53,0
FN:53,System.String EcommerceInformatica.Application.DTOs.PersonUpdateDto::get_Password()
FNDA:0,System.String EcommerceInformatica.Application.DTOs.PersonUpdateDto::get_Password()
DA:54,0
FN:54,System.Boolean EcommerceInformatica.Application.DTOs.PersonUpdateDto::get_IsActive()
FNDA:0,System.Boolean EcommerceInformatica.Application.DTOs.PersonUpdateDto::get_IsActive()
DA:55,0
LF:34
LH:0
BRF:0
BRH:0
FNF:34
FNH:0
end_of_record
SF:/modernize-data/studio-data/TNT1001/APP2895/transformed-code/980/studio-workspace/Ecommerce-Informatica/src/EcommerceInformatica.Application/DTOs/ProductDto.cs
FN:7,System.Int32 EcommerceInformatica.Application.DTOs.ProductDto::get_Id()
FNDA:0,System.Int32 EcommerceInformatica.Application.DTOs.ProductDto::get_Id()
DA:8,0
FN:8,System.String EcommerceInformatica.Application.DTOs.ProductDto::get_ArticleId()
FNDA:0,System.String EcommerceInformatica.Application.DTOs.ProductDto::get_ArticleId()
DA:9,0
FN:9,System.Int32 EcommerceInformatica.Application.DTOs.ProductDto::get_SupplierId()
FNDA:0,System.Int32 EcommerceInformatica.Application.DTOs.ProductDto::get_SupplierId()
DA:10,0
FN:10,System.String EcommerceInformatica.Application.DTOs.ProductDto::get_SupplierName()
FNDA:0,System.String EcommerceInformatica.Application.DTOs.ProductDto::get_SupplierName()
DA:11,0
FN:11,System.Int32 EcommerceInformatica.Application.DTOs.ProductDto::get_BrandId()
FNDA:0,System.Int32 EcommerceInformatica.Application.DTOs.ProductDto::get_BrandId()
DA:12,0
FN:12,System.String EcommerceInformatica.Application.DTOs.ProductDto::get_BrandName()
FNDA:0,System.String EcommerceInformatica.Application.DTOs.ProductDto::get_BrandName()
DA:13,0
FN:13,System.Int32 EcommerceInformatica.Application.DTOs.ProductDto::get_CategoryId()
FNDA:0,System.Int32 EcommerceInformatica.Application.DTOs.ProductDto::get_CategoryId()
DA:14,0
FN:14,System.String EcommerceInformatica.Application.DTOs.ProductDto::get_CategoryName()
FNDA:0,System.String EcommerceInformatica.Application.DTOs.ProductDto::get_CategoryName()
DA:15,0
FN:15,System.String EcommerceInformatica.Application.DTOs.ProductDto::get_Name()
FNDA:0,System.String EcommerceInformatica.Application.DTOs.ProductDto::get_Name()
DA:16,0
FN:16,System.Int32 EcommerceInformatica.Application.DTOs.ProductDto::get_Stock()
FNDA:0,System.Int32 EcommerceInformatica.Application.DTOs.ProductDto::get_Stock()
DA:17,0
FN:17,System.Decimal EcommerceInformatica.Application.DTOs.ProductDto::get_UnitPrice()
FNDA:0,System.Decimal EcommerceInformatica.Application.DTOs.ProductDto::get_UnitPrice()
DA:18,0
FN:18,System.Boolean EcommerceInformatica.Application.DTOs.ProductDto::get_IsActive()
FNDA:0,System.Boolean EcommerceInformatica.Application.DTOs.ProductDto::get_IsActive()
DA:19,0
FN:19,System.DateTime EcommerceInformatica.Application.DTOs.ProductDto::get_CreatedDate()
FNDA:0,System.DateTime EcommerceInformatica.Application.DTOs.ProductDto::get_CreatedDate()
DA:20,0
FN:20,System.Nullable`1<System.DateTime> EcommerceInformatica.Application.DTOs.ProductDto::get_ModifiedDate()
FNDA:0,System.Nullable`1<System.DateTime> EcommerceInformatica.Application.DTOs.ProductDto::get_ModifiedDate()
DA:21,0
FN:21,System.String EcommerceInformatica.Application.DTOs.ProductDto::get_CreatedBy()
FNDA:0,System.String EcommerceInformatica.Application.DTOs.ProductDto::get_CreatedBy()
DA:22,0
FN:22,System.String EcommerceInformatica.Application.DTOs.ProductDto::get_ModifiedBy()
FNDA:0,System.String EcommerceInformatica.Application.DTOs.ProductDto::get_ModifiedBy()
DA:23,0
FN:30,System.String EcommerceInformatica.Application.DTOs.ProductCreateDto::get_ArticleId()
FNDA:0,System.String EcommerceInformatica.Application.DTOs.ProductCreateDto::get_ArticleId()
DA:31,0
FN:31,System.Int32 EcommerceInformatica.Application.DTOs.ProductCreateDto::get_SupplierId()
FNDA:0,System.Int32 EcommerceInformatica.Application.DTOs.ProductCreateDto::get_SupplierId()
DA:32,0
FN:32,System.Int32 EcommerceInformatica.Application.DTOs.ProductCreateDto::get_BrandId()
FNDA:0,System.Int32 EcommerceInformatica.Application.DTOs.ProductCreateDto::get_BrandId()
DA:33,0
FN:33,System.Int32 EcommerceInformatica.Application.DTOs.ProductCreateDto::get_CategoryId()
FNDA:0,System.Int32 EcommerceInformatica.Application.DTOs.ProductCreateDto::get_CategoryId()
DA:34,0
FN:34,System.String EcommerceInformatica.Application.DTOs.ProductCreateDto::get_Name()
FNDA:0,System.String EcommerceInformatica.Application.DTOs.ProductCreateDto::get_Name()
DA:35,0
FN:35,System.Int32 EcommerceInformatica.Application.DTOs.ProductCreateDto::get_Stock()
FNDA:0,System.Int32 EcommerceInformatica.Application.DTOs.ProductCreateDto::get_Stock()
DA:36,0
FN:36,System.Decimal EcommerceInformatica.Application.DTOs.ProductCreateDto::get_UnitPrice()
FNDA:0,System.Decimal EcommerceInformatica.Application.DTOs.ProductCreateDto::get_UnitPrice()
DA:37,0
FN:37,System.Boolean EcommerceInformatica.Application.DTOs.ProductCreateDto::get_IsActive()
FNDA:0,System.Boolean EcommerceInformatica.Application.DTOs.ProductCreateDto::get_IsActive()
DA:38,0
FN:45,System.Int32 EcommerceInformatica.Application.DTOs.ProductUpdateDto::get_Id()
FNDA:0,System.Int32 EcommerceInformatica.Application.DTOs.ProductUpdateDto::get_Id()
DA:46,0
FN:46,System.String EcommerceInformatica.Application.DTOs.ProductUpdateDto::get_ArticleId()
FNDA:0,System.String EcommerceInformatica.Application.DTOs.ProductUpdateDto::get_ArticleId()
DA:47,0
FN:47,System.Int32 EcommerceInformatica.Application.DTOs.ProductUpdateDto::get_SupplierId()
FNDA:0,System.Int32 EcommerceInformatica.Application.DTOs.ProductUpdateDto::get_SupplierId()
DA:48,0
FN:48,System.Int32 EcommerceInformatica.Application.DTOs.ProductUpdateDto::get_BrandId()
FNDA:0,System.Int32 EcommerceInformatica.Application.DTOs.ProductUpdateDto::get_BrandId()
DA:49,0
FN:49,System.Int32 EcommerceInformatica.Application.DTOs.ProductUpdateDto::get_CategoryId()
FNDA:0,System.Int32 EcommerceInformatica.Application.DTOs.ProductUpdateDto::get_CategoryId()
DA:50,0
FN:50,System.String EcommerceInformatica.Application.DTOs.ProductUpdateDto::get_Name()
FNDA:0,System.String EcommerceInformatica.Application.DTOs.ProductUpdateDto::get_Name()
DA:51,0
FN:51,System.Int32 EcommerceInformatica.Application.DTOs.ProductUpdateDto::get_Stock()
FNDA:0,System.Int32 EcommerceInformatica.Application.DTOs.ProductUpdateDto::get_Stock()
DA:52,0
FN:52,System.Decimal EcommerceInformatica.Application.DTOs.ProductUpdateDto::get_UnitPrice()
FNDA:0,System.Decimal EcommerceInformatica.Application.DTOs.ProductUpdateDto::get_UnitPrice()
DA:53,0
FN:53,System.Boolean EcommerceInformatica.Application.DTOs.ProductUpdateDto::get_IsActive()
FNDA:0,System.Boolean EcommerceInformatica.Application.DTOs.ProductUpdateDto::get_IsActive()
DA:54,0
LF:33
LH:0
BRF:0
BRH:0
FNF:33
FNH:0
end_of_record
SF:/modernize-data/studio-data/TNT1001/APP2895/transformed-code/980/studio-workspace/Ecommerce-Informatica/src/EcommerceInformatica.Application/DTOs/ProvinceDto.cs
FN:7,System.Int32 EcommerceInformatica.Application.DTOs.ProvinceDto::get_Id()
FNDA:0,System.Int32 EcommerceInformatica.Application.DTOs.ProvinceDto::get_Id()
DA:8,0
FN:8,System.String EcommerceInformatica.Application.DTOs.ProvinceDto::get_Name()
FNDA:0,System.String EcommerceInformatica.Application.DTOs.ProvinceDto::get_Name()
DA:9,0
FN:9,System.Boolean EcommerceInformatica.Application.DTOs.ProvinceDto::get_IsActive()
FNDA:0,System.Boolean EcommerceInformatica.Application.DTOs.ProvinceDto::get_IsActive()
DA:10,0
FN:10,System.DateTime EcommerceInformatica.Application.DTOs.ProvinceDto::get_CreatedDate()
FNDA:0,System.DateTime EcommerceInformatica.Application.DTOs.ProvinceDto::get_CreatedDate()
DA:11,0
FN:11,System.Nullable`1<System.DateTime> EcommerceInformatica.Application.DTOs.ProvinceDto::get_ModifiedDate()
FNDA:0,System.Nullable`1<System.DateTime> EcommerceInformatica.Application.DTOs.ProvinceDto::get_ModifiedDate()
DA:12,0
FN:12,System.String EcommerceInformatica.Application.DTOs.ProvinceDto::get_CreatedBy()
FNDA:0,System.String EcommerceInformatica.Application.DTOs.ProvinceDto::get_CreatedBy()
DA:13,0
FN:13,System.String EcommerceInformatica.Application.DTOs.ProvinceDto::get_ModifiedBy()
FNDA:0,System.String EcommerceInformatica.Application.DTOs.ProvinceDto::get_ModifiedBy()
DA:14,0
FN:21,System.String EcommerceInformatica.Application.DTOs.ProvinceCreateDto::get_Name()
FNDA:0,System.String EcommerceInformatica.Application.DTOs.ProvinceCreateDto::get_Name()
DA:22,0
FN:22,System.Boolean EcommerceInformatica.Application.DTOs.ProvinceCreateDto::get_IsActive()
FNDA:0,System.Boolean EcommerceInformatica.Application.DTOs.ProvinceCreateDto::get_IsActive()
DA:23,0
FN:30,System.Int32 EcommerceInformatica.Application.DTOs.ProvinceUpdateDto::get_Id()
FNDA:0,System.Int32 EcommerceInformatica.Application.DTOs.ProvinceUpdateDto::get_Id()
DA:31,0
FN:31,System.String EcommerceInformatica.Application.DTOs.ProvinceUpdateDto::get_Name()
FNDA:0,System.String EcommerceInformatica.Application.DTOs.ProvinceUpdateDto::get_Name()
DA:32,0
FN:32,System.Boolean EcommerceInformatica.Application.DTOs.ProvinceUpdateDto::get_IsActive()
FNDA:0,System.Boolean EcommerceInformatica.Application.DTOs.ProvinceUpdateDto::get_IsActive()
DA:33,0
LF:12
LH:0
BRF:0
BRH:0
FNF:12
FNH:0
end_of_record
SF:/modernize-data/studio-data/TNT1001/APP2895/transformed-code/980/studio-workspace/Ecommerce-Informatica/src/EcommerceInformatica.Application/DTOs/SupplierDto.cs
FN:7,System.Int32 EcommerceInformatica.Application.DTOs.SupplierDto::get_Id()
FNDA:0,System.Int32 EcommerceInformatica.Application.DTOs.SupplierDto::get_Id()
DA:8,0
FN:8,System.String EcommerceInformatica.Application.DTOs.SupplierDto::get_Name()
FNDA:0,System.String EcommerceInformatica.Application.DTOs.SupplierDto::get_Name()
DA:9,0
FN:9,System.String EcommerceInformatica.Application.DTOs.SupplierDto::get_ContactPerson()
FNDA:0,System.String EcommerceInformatica.Application.DTOs.SupplierDto::get_ContactPerson()
DA:10,0
FN:10,System.String EcommerceInformatica.Application.DTOs.SupplierDto::get_Email()
FNDA:0,System.String EcommerceInformatica.Application.DTOs.SupplierDto::get_Email()
DA:11,0
FN:11,System.String EcommerceInformatica.Application.DTOs.SupplierDto::get_Phone()
FNDA:0,System.String EcommerceInformatica.Application.DTOs.SupplierDto::get_Phone()
DA:12,0
FN:12,System.String EcommerceInformatica.Application.DTOs.SupplierDto::get_Address()
FNDA:0,System.String EcommerceInformatica.Application.DTOs.SupplierDto::get_Address()
DA:13,0
FN:13,System.Boolean EcommerceInformatica.Application.DTOs.SupplierDto::get_IsActive()
FNDA:0,System.Boolean EcommerceInformatica.Application.DTOs.SupplierDto::get_IsActive()
DA:14,0
FN:14,System.DateTime EcommerceInformatica.Application.DTOs.SupplierDto::get_CreatedDate()
FNDA:0,System.DateTime EcommerceInformatica.Application.DTOs.SupplierDto::get_CreatedDate()
DA:15,0
FN:15,System.Nullable`1<System.DateTime> EcommerceInformatica.Application.DTOs.SupplierDto::get_ModifiedDate()
FNDA:0,System.Nullable`1<System.DateTime> EcommerceInformatica.Application.DTOs.SupplierDto::get_ModifiedDate()
DA:16,0
FN:16,System.String EcommerceInformatica.Application.DTOs.SupplierDto::get_CreatedBy()
FNDA:0,System.String EcommerceInformatica.Application.DTOs.SupplierDto::get_CreatedBy()
DA:17,0
FN:17,System.String EcommerceInformatica.Application.DTOs.SupplierDto::get_ModifiedBy()
FNDA:0,System.String EcommerceInformatica.Application.DTOs.SupplierDto::get_ModifiedBy()
DA:18,0
FN:25,System.String EcommerceInformatica.Application.DTOs.SupplierCreateDto::get_Name()
FNDA:0,System.String EcommerceInformatica.Application.DTOs.SupplierCreateDto::get_Name()
DA:26,0
FN:26,System.String EcommerceInformatica.Application.DTOs.SupplierCreateDto::get_ContactPerson()
FNDA:0,System.String EcommerceInformatica.Application.DTOs.SupplierCreateDto::get_ContactPerson()
DA:27,0
FN:27,System.String EcommerceInformatica.Application.DTOs.SupplierCreateDto::get_Email()
FNDA:0,System.String EcommerceInformatica.Application.DTOs.SupplierCreateDto::get_Email()
DA:28,0
FN:28,System.String EcommerceInformatica.Application.DTOs.SupplierCreateDto::get_Phone()
FNDA:0,System.String EcommerceInformatica.Application.DTOs.SupplierCreateDto::get_Phone()
DA:29,0
FN:29,System.String EcommerceInformatica.Application.DTOs.SupplierCreateDto::get_Address()
FNDA:0,System.String EcommerceInformatica.Application.DTOs.SupplierCreateDto::get_Address()
DA:30,0
FN:30,System.Boolean EcommerceInformatica.Application.DTOs.SupplierCreateDto::get_IsActive()
FNDA:0,System.Boolean EcommerceInformatica.Application.DTOs.SupplierCreateDto::get_IsActive()
DA:31,0
FN:38,System.Int32 EcommerceInformatica.Application.DTOs.SupplierUpdateDto::get_Id()
FNDA:0,System.Int32 EcommerceInformatica.Application.DTOs.SupplierUpdateDto::get_Id()
DA:39,0
FN:39,System.String EcommerceInformatica.Application.DTOs.SupplierUpdateDto::get_Name()
FNDA:0,System.String EcommerceInformatica.Application.DTOs.SupplierUpdateDto::get_Name()
DA:40,0
FN:40,System.String EcommerceInformatica.Application.DTOs.SupplierUpdateDto::get_ContactPerson()
FNDA:0,System.String EcommerceInformatica.Application.DTOs.SupplierUpdateDto::get_ContactPerson()
DA:41,0
FN:41,System.String EcommerceInformatica.Application.DTOs.SupplierUpdateDto::get_Email()
FNDA:0,System.String EcommerceInformatica.Application.DTOs.SupplierUpdateDto::get_Email()
DA:42,0
FN:42,System.String EcommerceInformatica.Application.DTOs.SupplierUpdateDto::get_Phone()
FNDA:0,System.String EcommerceInformatica.Application.DTOs.SupplierUpdateDto::get_Phone()
DA:43,0
FN:43,System.String EcommerceInformatica.Application.DTOs.SupplierUpdateDto::get_Address()
FNDA:0,System.String EcommerceInformatica.Application.DTOs.SupplierUpdateDto::get_Address()
DA:44,0
FN:44,System.Boolean EcommerceInformatica.Application.DTOs.SupplierUpdateDto::get_IsActive()
FNDA:0,System.Boolean EcommerceInformatica.Application.DTOs.SupplierUpdateDto::get_IsActive()
DA:45,0
LF:24
LH:0
BRF:0
BRH:0
FNF:24
FNH:0
end_of_record